\BOOKMARK [0][-]{chapter.1}{\376\377\000N\000a\000m\000e\000s\000p\000a\000c\000e\000\040\000I\000n\000d\000e\000x}{}% 1
\BOOKMARK [1][-]{section.1.1}{\376\377\000P\000a\000c\000k\000a\000g\000e\000s}{chapter.1}% 2
\BOOKMARK [0][-]{chapter.2}{\376\377\000H\000i\000e\000r\000a\000r\000c\000h\000i\000c\000a\000l\000\040\000I\000n\000d\000e\000x}{}% 3
\BOOKMARK [1][-]{section.2.1}{\376\377\000C\000l\000a\000s\000s\000\040\000H\000i\000e\000r\000a\000r\000c\000h\000y}{chapter.2}% 4
\BOOKMARK [0][-]{chapter.3}{\376\377\000C\000l\000a\000s\000s\000\040\000I\000n\000d\000e\000x}{}% 5
\BOOKMARK [1][-]{section.3.1}{\376\377\000C\000l\000a\000s\000s\000\040\000L\000i\000s\000t}{chapter.3}% 6
\BOOKMARK [0][-]{chapter.4}{\376\377\000F\000i\000l\000e\000\040\000I\000n\000d\000e\000x}{}% 7
\BOOKMARK [1][-]{section.4.1}{\376\377\000F\000i\000l\000e\000\040\000L\000i\000s\000t}{chapter.4}% 8
\BOOKMARK [0][-]{chapter.5}{\376\377\000N\000a\000m\000e\000s\000p\000a\000c\000e\000\040\000D\000o\000c\000u\000m\000e\000n\000t\000a\000t\000i\000o\000n}{}% 9
\BOOKMARK [1][-]{section.5.1}{\376\377\000s\000t\000u\000d\000e\000n\000t\000s\000\040\000N\000a\000m\000e\000s\000p\000a\000c\000e\000\040\000R\000e\000f\000e\000r\000e\000n\000c\000e}{chapter.5}% 10
\BOOKMARK [1][-]{section.5.2}{\376\377\000s\000t\000u\000d\000e\000n\000t\000s\000.\000a\000d\000m\000i\000n\000\040\000N\000a\000m\000e\000s\000p\000a\000c\000e\000\040\000R\000e\000f\000e\000r\000e\000n\000c\000e}{chapter.5}% 11
\BOOKMARK [1][-]{section.5.3}{\376\377\000s\000t\000u\000d\000e\000n\000t\000s\000.\000f\000o\000r\000m\000s\000\040\000N\000a\000m\000e\000s\000p\000a\000c\000e\000\040\000R\000e\000f\000e\000r\000e\000n\000c\000e}{chapter.5}% 12
\BOOKMARK [1][-]{section.5.4}{\376\377\000s\000t\000u\000d\000e\000n\000t\000s\000.\000l\000i\000n\000k\000e\000d\000i\000n\000\137\000c\000o\000n\000n\000e\000c\000t\000o\000r\000\040\000N\000a\000m\000e\000s\000p\000a\000c\000e\000\040\000R\000e\000f\000e\000r\000e\000n\000c\000e}{chapter.5}% 13
\BOOKMARK [2][-]{subsection.5.4.1}{\376\377\000F\000u\000n\000c\000t\000i\000o\000n\000\040\000D\000o\000c\000u\000m\000e\000n\000t\000a\000t\000i\000o\000n}{section.5.4}% 14
\BOOKMARK [3][-]{subsubsection.5.4.1.1}{\376\377\000l\000i\000n\000k\000e\000d\000i\000n\000\137\000e\000x\000t\000r\000a\000c\000t}{subsection.5.4.1}% 15
\BOOKMARK [3][-]{subsubsection.5.4.1.2}{\376\377\000l\000i\000n\000k\000e\000d\000i\000n\000\137\000g\000e\000t\000\137\000u\000r\000l}{subsection.5.4.1}% 16
\BOOKMARK [2][-]{subsection.5.4.2}{\376\377\000V\000a\000r\000i\000a\000b\000l\000e\000\040\000D\000o\000c\000u\000m\000e\000n\000t\000a\000t\000i\000o\000n}{section.5.4}% 17
\BOOKMARK [3][-]{subsubsection.5.4.2.1}{\376\377\000\137\000\137\000A\000P\000I\000\137\000K\000E\000Y}{subsection.5.4.2}% 18
\BOOKMARK [3][-]{subsubsection.5.4.2.2}{\376\377\000\137\000\137\000A\000P\000I\000\137\000S\000E\000C\000R\000E\000T}{subsection.5.4.2}% 19
\BOOKMARK [3][-]{subsubsection.5.4.2.3}{\376\377\000\137\000\137\000R\000E\000T\000U\000R\000N\000\137\000U\000R\000L}{subsection.5.4.2}% 20
\BOOKMARK [1][-]{section.5.5}{\376\377\000s\000t\000u\000d\000e\000n\000t\000s\000.\000l\000i\000n\000k\000e\000d\000i\000n\000\137\000c\000o\000n\000v\000e\000r\000t\000e\000r\000\040\000N\000a\000m\000e\000s\000p\000a\000c\000e\000\040\000R\000e\000f\000e\000r\000e\000n\000c\000e}{chapter.5}% 21
\BOOKMARK [2][-]{subsection.5.5.1}{\376\377\000F\000u\000n\000c\000t\000i\000o\000n\000\040\000D\000o\000c\000u\000m\000e\000n\000t\000a\000t\000i\000o\000n}{section.5.5}% 22
\BOOKMARK [3][-]{subsubsection.5.5.1.1}{\376\377\000c\000r\000e\000a\000t\000e\000P\000e\000r\000s\000o\000n}{subsection.5.5.1}% 23
\BOOKMARK [3][-]{subsubsection.5.5.1.2}{\376\377\000c\000r\000e\000a\000t\000e\000S\000u\000b}{subsection.5.5.1}% 24
\BOOKMARK [3][-]{subsubsection.5.5.1.3}{\376\377\000f\000i\000l\000l\000F\000u\000l\000l\000P\000r\000o\000f\000i\000l\000e}{subsection.5.5.1}% 25
\BOOKMARK [3][-]{subsubsection.5.5.1.4}{\376\377\000f\000o\000r\000m\000a\000t\000D\000a\000t\000e}{subsection.5.5.1}% 26
\BOOKMARK [3][-]{subsubsection.5.5.1.5}{\376\377\000f\000r\000o\000m\000F\000i\000l\000e}{subsection.5.5.1}% 27
\BOOKMARK [3][-]{subsubsection.5.5.1.6}{\376\377\000f\000r\000o\000m\000S\000t\000r\000i\000n\000g}{subsection.5.5.1}% 28
\BOOKMARK [3][-]{subsubsection.5.5.1.7}{\376\377\000g\000e\000t}{subsection.5.5.1}% 29
\BOOKMARK [3][-]{subsubsection.5.5.1.8}{\376\377\000g\000e\000t\000S\000u\000b}{subsection.5.5.1}% 30
\BOOKMARK [3][-]{subsubsection.5.5.1.9}{\376\377\000r\000u\000n}{subsection.5.5.1}% 31
\BOOKMARK [1][-]{section.5.6}{\376\377\000s\000t\000u\000d\000e\000n\000t\000s\000.\000m\000a\000t\000c\000h\000m\000a\000k\000i\000n\000g\000\040\000N\000a\000m\000e\000s\000p\000a\000c\000e\000\040\000R\000e\000f\000e\000r\000e\000n\000c\000e}{chapter.5}% 32
\BOOKMARK [2][-]{subsection.5.6.1}{\376\377\000F\000u\000n\000c\000t\000i\000o\000n\000\040\000D\000o\000c\000u\000m\000e\000n\000t\000a\000t\000i\000o\000n}{section.5.6}% 33
\BOOKMARK [3][-]{subsubsection.5.6.1.1}{\376\377\000c\000o\000m\000p\000a\000r\000e\000S\000k\000i\000l\000l\000s}{subsection.5.6.1}% 34
\BOOKMARK [3][-]{subsubsection.5.6.1.2}{\376\377\000c\000o\000m\000p\000a\000r\000e\000S\000k\000i\000l\000l\000s\000F\000u\000l\000l\000S\000t\000r\000i\000n\000g}{subsection.5.6.1}% 35
\BOOKMARK [3][-]{subsubsection.5.6.1.3}{\376\377\000c\000o\000n\000t\000a\000i\000n\000s\000S\000t\000r\000i\000n\000g\000C\000o\000m\000p\000a\000r\000e}{subsection.5.6.1}% 36
\BOOKMARK [3][-]{subsubsection.5.6.1.4}{\376\377\000l\000o\000a\000d\000P\000r\000o\000j\000e\000c\000t\000s}{subsection.5.6.1}% 37
\BOOKMARK [3][-]{subsubsection.5.6.1.5}{\376\377\000l\000o\000a\000d\000U\000s\000e\000r}{subsection.5.6.1}% 38
\BOOKMARK [3][-]{subsubsection.5.6.1.6}{\376\377\000m\000a\000t\000c\000h\000L\000i\000s\000t\000s\000O\000f\000S\000t\000r\000i\000n\000g\000s}{subsection.5.6.1}% 39
\BOOKMARK [3][-]{subsubsection.5.6.1.7}{\376\377\000p\000a\000r\000s\000e\000S\000k\000i\000l\000l\000s}{subsection.5.6.1}% 40
\BOOKMARK [3][-]{subsubsection.5.6.1.8}{\376\377\000p\000r\000i\000n\000t\000P\000r\000o\000j\000e\000c\000t\000s}{subsection.5.6.1}% 41
\BOOKMARK [3][-]{subsubsection.5.6.1.9}{\376\377\000s\000t\000r\000i\000c\000t\000C\000o\000m\000p\000a\000r\000e}{subsection.5.6.1}% 42
\BOOKMARK [2][-]{subsection.5.6.2}{\376\377\000V\000a\000r\000i\000a\000b\000l\000e\000\040\000D\000o\000c\000u\000m\000e\000n\000t\000a\000t\000i\000o\000n}{section.5.6}% 43
\BOOKMARK [3][-]{subsubsection.5.6.2.1}{\376\377\000n}{subsection.5.6.2}% 44
\BOOKMARK [3][-]{subsubsection.5.6.2.2}{\376\377\000p\000a\000t\000h\000P\000r\000o\000j}{subsection.5.6.2}% 45
\BOOKMARK [3][-]{subsubsection.5.6.2.3}{\376\377\000p\000a\000t\000h\000U\000s\000e\000r}{subsection.5.6.2}% 46
\BOOKMARK [3][-]{subsubsection.5.6.2.4}{\376\377\000p\000r\000o\000j\000e\000c\000t\000s}{subsection.5.6.2}% 47
\BOOKMARK [3][-]{subsubsection.5.6.2.5}{\376\377\000p\000r\000o\000j\000e\000c\000t\000s\000O\000r\000d\000e\000r\000e\000d}{subsection.5.6.2}% 48
\BOOKMARK [3][-]{subsubsection.5.6.2.6}{\376\377\000u\000s\000e\000r\000S\000k\000i\000l\000l\000s}{subsection.5.6.2}% 49
\BOOKMARK [1][-]{section.5.7}{\376\377\000s\000t\000u\000d\000e\000n\000t\000s\000.\000m\000i\000g\000r\000a\000t\000i\000o\000n\000s\000\040\000N\000a\000m\000e\000s\000p\000a\000c\000e\000\040\000R\000e\000f\000e\000r\000e\000n\000c\000e}{chapter.5}% 50
\BOOKMARK [1][-]{section.5.8}{\376\377\000s\000t\000u\000d\000e\000n\000t\000s\000.\000m\000i\000g\000r\000a\000t\000i\000o\000n\000s\000.\0000\0000\0000\0001\000\137\000i\000n\000i\000t\000i\000a\000l\000\040\000N\000a\000m\000e\000s\000p\000a\000c\000e\000\040\000R\000e\000f\000e\000r\000e\000n\000c\000e}{chapter.5}% 51
\BOOKMARK [1][-]{section.5.9}{\376\377\000s\000t\000u\000d\000e\000n\000t\000s\000.\000m\000i\000g\000r\000a\000t\000i\000o\000n\000s\000.\0000\0000\0000\0002\000\137\000a\000u\000t\000o\000\137\000\137\000a\000d\000d\000\137\000f\000i\000e\000l\000d\000\137\000s\000t\000u\000d\000e\000n\000t\000\137\000c\000v\000\040\000N\000a\000m\000e\000s\000p\000a\000c\000e\000\040\000R\000e\000f\000e\000r\000e\000n\000c\000e}{chapter.5}% 52
\BOOKMARK [1][-]{section.5.10}{\376\377\000s\000t\000u\000d\000e\000n\000t\000s\000.\000m\000i\000g\000r\000a\000t\000i\000o\000n\000s\000.\0000\0000\0000\0003\000\137\000a\000u\000t\000o\000\137\000\137\000a\000d\000d\000\137\000f\000i\000e\000l\000d\000\137\000s\000t\000u\000d\000e\000n\000t\000\137\000l\000i\000n\000e\000\137\000o\000f\000\137\000s\000t\000u\000d\000y\000\040\000N\000a\000m\000e\000s\000p\000a\000c\000e\000\040\000R\000e\000f\000e\000r\000e\000n\000c\000e}{chapter.5}% 53
\BOOKMARK [1][-]{section.5.11}{\376\377\000s\000t\000u\000d\000e\000n\000t\000s\000.\000m\000i\000g\000r\000a\000t\000i\000o\000n\000s\000.\0000\0000\0000\0004\000\137\000a\000u\000t\000o\000\137\000\137\000a\000d\000d\000\137\000f\000i\000e\000l\000d\000\137\000s\000t\000u\000d\000e\000n\000t\000\137\000e\000d\000u\000c\000a\000t\000i\000o\000n\000\137\000l\000e\000v\000e\000l\000\040\000N\000a\000m\000e\000s\000p\000a\000c\000e\000\040\000R\000e\000f\000e\000r\000e\000n\000c\000e}{chapter.5}% 54
\BOOKMARK [1][-]{section.5.12}{\376\377\000s\000t\000u\000d\000e\000n\000t\000s\000.\000m\000i\000g\000r\000a\000t\000i\000o\000n\000s\000.\0000\0000\0000\0005\000\137\000a\000u\000t\000o\000\137\000\137\000a\000d\000d\000\137\000f\000i\000e\000l\000d\000\137\000s\000t\000u\000d\000e\000n\000t\000\137\000t\000i\000m\000e\000s\000\137\000l\000o\000g\000g\000e\000d\000\137\000i\000n\000\040\000N\000a\000m\000e\000s\000p\000a\000c\000e\000\040\000R\000e\000f\000e\000r\000e\000n\000c\000e}{chapter.5}% 55
\BOOKMARK [1][-]{section.5.13}{\376\377\000s\000t\000u\000d\000e\000n\000t\000s\000.\000m\000o\000d\000e\000l\000s\000\040\000N\000a\000m\000e\000s\000p\000a\000c\000e\000\040\000R\000e\000f\000e\000r\000e\000n\000c\000e}{chapter.5}% 56
\BOOKMARK [2][-]{subsection.5.13.1}{\376\377\000F\000u\000n\000c\000t\000i\000o\000n\000\040\000D\000o\000c\000u\000m\000e\000n\000t\000a\000t\000i\000o\000n}{section.5.13}% 57
\BOOKMARK [3][-]{subsubsection.5.13.1.1}{\376\377\000g\000e\000t\000\137\000f\000i\000l\000e\000\137\000p\000a\000t\000h}{subsection.5.13.1}% 58
\BOOKMARK [3][-]{subsubsection.5.13.1.2}{\376\377\000g\000e\000t\000\137\000i\000m\000a\000g\000e\000\137\000p\000a\000t\000h}{subsection.5.13.1}% 59
\BOOKMARK [3][-]{subsubsection.5.13.1.3}{\376\377\000i\000n\000s\000e\000r\000t\000L\000i\000n\000k\000e\000d\000I\000n\000P\000r\000o\000f\000i\000l\000e}{subsection.5.13.1}% 60
\BOOKMARK [1][-]{section.5.14}{\376\377\000s\000t\000u\000d\000e\000n\000t\000s\000.\000t\000a\000s\000k\000s\000\040\000N\000a\000m\000e\000s\000p\000a\000c\000e\000\040\000R\000e\000f\000e\000r\000e\000n\000c\000e}{chapter.5}% 61
\BOOKMARK [2][-]{subsection.5.14.1}{\376\377\000F\000u\000n\000c\000t\000i\000o\000n\000\040\000D\000o\000c\000u\000m\000e\000n\000t\000a\000t\000i\000o\000n}{section.5.14}% 62
\BOOKMARK [3][-]{subsubsection.5.14.1.1}{\376\377\000a\000d\000d}{subsection.5.14.1}% 63
\BOOKMARK [3][-]{subsubsection.5.14.1.2}{\376\377\000m\000u\000l}{subsection.5.14.1}% 64
\BOOKMARK [3][-]{subsubsection.5.14.1.3}{\376\377\000x\000s\000u\000m}{subsection.5.14.1}% 65
\BOOKMARK [1][-]{section.5.15}{\376\377\000s\000t\000u\000d\000e\000n\000t\000s\000.\000t\000e\000s\000t\000s\000\040\000N\000a\000m\000e\000s\000p\000a\000c\000e\000\040\000R\000e\000f\000e\000r\000e\000n\000c\000e}{chapter.5}% 66
\BOOKMARK [1][-]{section.5.16}{\376\377\000s\000t\000u\000d\000e\000n\000t\000s\000.\000t\000e\000s\000t\000s\000.\000t\000e\000s\000t\000\137\000f\000o\000r\000m\000s\000\040\000N\000a\000m\000e\000s\000p\000a\000c\000e\000\040\000R\000e\000f\000e\000r\000e\000n\000c\000e}{chapter.5}% 67
\BOOKMARK [1][-]{section.5.17}{\376\377\000s\000t\000u\000d\000e\000n\000t\000s\000.\000t\000e\000s\000t\000s\000.\000t\000e\000s\000t\000\137\000m\000o\000d\000e\000l\000s\000\040\000N\000a\000m\000e\000s\000p\000a\000c\000e\000\040\000R\000e\000f\000e\000r\000e\000n\000c\000e}{chapter.5}% 68
\BOOKMARK [1][-]{section.5.18}{\376\377\000s\000t\000u\000d\000e\000n\000t\000s\000.\000t\000e\000s\000t\000s\000.\000t\000e\000s\000t\000\137\000v\000i\000e\000w\000s\000\040\000N\000a\000m\000e\000s\000p\000a\000c\000e\000\040\000R\000e\000f\000e\000r\000e\000n\000c\000e}{chapter.5}% 69
\BOOKMARK [1][-]{section.5.19}{\376\377\000s\000t\000u\000d\000e\000n\000t\000s\000.\000u\000r\000l\000s\000\040\000N\000a\000m\000e\000s\000p\000a\000c\000e\000\040\000R\000e\000f\000e\000r\000e\000n\000c\000e}{chapter.5}% 70
\BOOKMARK [1][-]{section.5.20}{\376\377\000s\000t\000u\000d\000e\000n\000t\000s\000.\000v\000i\000e\000w\000s\000\040\000N\000a\000m\000e\000s\000p\000a\000c\000e\000\040\000R\000e\000f\000e\000r\000e\000n\000c\000e}{chapter.5}% 71
\BOOKMARK [2][-]{subsection.5.20.1}{\376\377\000F\000u\000n\000c\000t\000i\000o\000n\000\040\000D\000o\000c\000u\000m\000e\000n\000t\000a\000t\000i\000o\000n}{section.5.20}% 72
\BOOKMARK [3][-]{subsubsection.5.20.1.1}{\376\377\000a\000l\000l\000\137\000p\000r\000o\000j\000e\000c\000t\000s\000\137\000f\000i\000l\000t\000e\000r}{subsection.5.20.1}% 73
\BOOKMARK [3][-]{subsubsection.5.20.1.2}{\376\377\000l\000i\000n\000k\000e\000d\000i\000n\000\137\000r\000e\000d\000i\000r\000e\000c\000t}{subsection.5.20.1}% 74
\BOOKMARK [3][-]{subsubsection.5.20.1.3}{\376\377\000l\000o\000g\000i\000n\000\137\000c\000h\000e\000c\000k}{subsection.5.20.1}% 75
\BOOKMARK [3][-]{subsubsection.5.20.1.4}{\376\377\000s\000i\000g\000n\000\137\000o\000u\000t\000\137\000v\000i\000e\000w}{subsection.5.20.1}% 76
\BOOKMARK [3][-]{subsubsection.5.20.1.5}{\376\377\000s\000t\000a\000g\000e}{subsection.5.20.1}% 77
\BOOKMARK [3][-]{subsubsection.5.20.1.6}{\376\377\000s\000t\000u\000d\000e\000n\000t\000\137\000p\000r\000o\000j\000e\000c\000t\000\137\000a\000l\000t\000e\000r\000\137\000c\000o\000n\000t\000a\000c\000t\000\137\000v\000i\000e\000w}{subsection.5.20.1}% 78
\BOOKMARK [3][-]{subsubsection.5.20.1.7}{\376\377\000s\000t\000u\000d\000e\000n\000t\000\137\000p\000r\000o\000j\000e\000c\000t\000\137\000d\000e\000l\000e\000t\000e\000\137\000v\000i\000e\000w}{subsection.5.20.1}% 79
\BOOKMARK [3][-]{subsubsection.5.20.1.8}{\376\377\000s\000t\000u\000d\000e\000n\000t\000\137\000s\000i\000g\000n\000\137\000u\000p\000\137\000s\000u\000c\000c\000e\000s\000s}{subsection.5.20.1}% 80
\BOOKMARK [0][-]{chapter.6}{\376\377\000C\000l\000a\000s\000s\000\040\000D\000o\000c\000u\000m\000e\000n\000t\000a\000t\000i\000o\000n}{}% 81
\BOOKMARK [1][-]{section.6.1}{\376\377\000s\000t\000u\000d\000e\000n\000t\000s\000.\000v\000i\000e\000w\000s\000.\000A\000l\000l\000P\000r\000o\000j\000e\000c\000t\000D\000e\000t\000a\000i\000l\000V\000i\000e\000w\000\040\000C\000l\000a\000s\000s\000\040\000R\000e\000f\000e\000r\000e\000n\000c\000e}{chapter.6}% 82
\BOOKMARK [2][-]{subsection.6.1.1}{\376\377\000M\000e\000m\000b\000e\000r\000\040\000F\000u\000n\000c\000t\000i\000o\000n\000\040\000D\000o\000c\000u\000m\000e\000n\000t\000a\000t\000i\000o\000n}{section.6.1}% 83
\BOOKMARK [3][-]{subsubsection.6.1.1.1}{\376\377\000d\000i\000s\000p\000a\000t\000c\000h}{subsection.6.1.1}% 84
\BOOKMARK [3][-]{subsubsection.6.1.1.2}{\376\377\000g\000e\000t\000\137\000c\000o\000n\000t\000e\000x\000t\000\137\000d\000a\000t\000a}{subsection.6.1.1}% 85
\BOOKMARK [3][-]{subsubsection.6.1.1.3}{\376\377\000g\000e\000t\000\137\000o\000b\000j\000e\000c\000t}{subsection.6.1.1}% 86
\BOOKMARK [2][-]{subsection.6.1.2}{\376\377\000M\000e\000m\000b\000e\000r\000\040\000D\000a\000t\000a\000\040\000D\000o\000c\000u\000m\000e\000n\000t\000a\000t\000i\000o\000n}{section.6.1}% 87
\BOOKMARK [3][-]{subsubsection.6.1.2.1}{\376\377\000l\000o\000g\000i\000n\000\137\000u\000r\000l}{subsection.6.1.2}% 88
\BOOKMARK [3][-]{subsubsection.6.1.2.2}{\376\377\000m\000o\000d\000e\000l}{subsection.6.1.2}% 89
\BOOKMARK [3][-]{subsubsection.6.1.2.3}{\376\377\000t\000e\000m\000p\000l\000a\000t\000e\000\137\000n\000a\000m\000e}{subsection.6.1.2}% 90
\BOOKMARK [1][-]{section.6.2}{\376\377\000s\000t\000u\000d\000e\000n\000t\000s\000.\000v\000i\000e\000w\000s\000.\000C\000h\000a\000n\000g\000e\000P\000a\000s\000s\000w\000o\000r\000d\000V\000i\000e\000w\000\040\000C\000l\000a\000s\000s\000\040\000R\000e\000f\000e\000r\000e\000n\000c\000e}{chapter.6}% 91
\BOOKMARK [2][-]{subsection.6.2.1}{\376\377\000M\000e\000m\000b\000e\000r\000\040\000F\000u\000n\000c\000t\000i\000o\000n\000\040\000D\000o\000c\000u\000m\000e\000n\000t\000a\000t\000i\000o\000n}{section.6.2}% 92
\BOOKMARK [3][-]{subsubsection.6.2.1.1}{\376\377\000f\000o\000r\000m\000\137\000v\000a\000l\000i\000d}{subsection.6.2.1}% 93
\BOOKMARK [2][-]{subsection.6.2.2}{\376\377\000M\000e\000m\000b\000e\000r\000\040\000D\000a\000t\000a\000\040\000D\000o\000c\000u\000m\000e\000n\000t\000a\000t\000i\000o\000n}{section.6.2}% 94
\BOOKMARK [3][-]{subsubsection.6.2.2.1}{\376\377\000f\000o\000r\000m\000\137\000c\000l\000a\000s\000s}{subsection.6.2.2}% 95
\BOOKMARK [3][-]{subsubsection.6.2.2.2}{\376\377\000m\000o\000d\000e\000l}{subsection.6.2.2}% 96
\BOOKMARK [3][-]{subsubsection.6.2.2.3}{\376\377\000t\000e\000m\000p\000l\000a\000t\000e\000\137\000n\000a\000m\000e}{subsection.6.2.2}% 97
\BOOKMARK [1][-]{section.6.3}{\376\377\000s\000t\000u\000d\000e\000n\000t\000s\000.\000f\000o\000r\000m\000s\000.\000C\000h\000a\000n\000g\000e\000U\000s\000e\000r\000P\000a\000s\000s\000w\000o\000r\000d\000\040\000C\000l\000a\000s\000s\000\040\000R\000e\000f\000e\000r\000e\000n\000c\000e}{chapter.6}% 98
\BOOKMARK [2][-]{subsection.6.3.1}{\376\377\000C\000o\000n\000s\000t\000r\000u\000c\000t\000o\000r\000\040\000\046\000\040\000D\000e\000s\000t\000r\000u\000c\000t\000o\000r\000\040\000D\000o\000c\000u\000m\000e\000n\000t\000a\000t\000i\000o\000n}{section.6.3}% 99
\BOOKMARK [3][-]{subsubsection.6.3.1.1}{\376\377\000\137\000\137\000i\000n\000i\000t\000\137\000\137}{subsection.6.3.1}% 100
\BOOKMARK [2][-]{subsection.6.3.2}{\376\377\000M\000e\000m\000b\000e\000r\000\040\000F\000u\000n\000c\000t\000i\000o\000n\000\040\000D\000o\000c\000u\000m\000e\000n\000t\000a\000t\000i\000o\000n}{section.6.3}% 101
\BOOKMARK [3][-]{subsubsection.6.3.2.1}{\376\377\000c\000l\000e\000a\000n\000\137\000o\000l\000d\000\137\000p\000a\000s\000s\000w\000o\000r\000d}{subsection.6.3.2}% 102
\BOOKMARK [3][-]{subsubsection.6.3.2.2}{\376\377\000c\000l\000e\000a\000n\000\137\000p\000a\000s\000s\000w\000o\000r\000d\0002}{subsection.6.3.2}% 103
\BOOKMARK [3][-]{subsubsection.6.3.2.3}{\376\377\000s\000a\000v\000e}{subsection.6.3.2}% 104
\BOOKMARK [2][-]{subsection.6.3.3}{\376\377\000M\000e\000m\000b\000e\000r\000\040\000D\000a\000t\000a\000\040\000D\000o\000c\000u\000m\000e\000n\000t\000a\000t\000i\000o\000n}{section.6.3}% 105
\BOOKMARK [3][-]{subsubsection.6.3.3.1}{\376\377\000h\000e\000l\000p\000e\000r}{subsection.6.3.3}% 106
\BOOKMARK [3][-]{subsubsection.6.3.3.2}{\376\377\000o\000l\000d\000\137\000p\000a\000s\000s\000w\000o\000r\000d}{subsection.6.3.3}% 107
\BOOKMARK [3][-]{subsubsection.6.3.3.3}{\376\377\000p\000a\000s\000s\000w\000o\000r\000d\0001}{subsection.6.3.3}% 108
\BOOKMARK [3][-]{subsubsection.6.3.3.4}{\376\377\000p\000a\000s\000s\000w\000o\000r\000d\0002}{subsection.6.3.3}% 109
\BOOKMARK [1][-]{section.6.4}{\376\377\000s\000t\000u\000d\000e\000n\000t\000s\000.\000m\000o\000d\000e\000l\000s\000.\000C\000o\000u\000r\000s\000e\000\040\000C\000l\000a\000s\000s\000\040\000R\000e\000f\000e\000r\000e\000n\000c\000e}{chapter.6}% 110
\BOOKMARK [2][-]{subsection.6.4.1}{\376\377\000D\000e\000t\000a\000i\000l\000e\000d\000\040\000D\000e\000s\000c\000r\000i\000p\000t\000i\000o\000n}{section.6.4}% 111
\BOOKMARK [2][-]{subsection.6.4.2}{\376\377\000M\000e\000m\000b\000e\000r\000\040\000F\000u\000n\000c\000t\000i\000o\000n\000\040\000D\000o\000c\000u\000m\000e\000n\000t\000a\000t\000i\000o\000n}{section.6.4}% 112
\BOOKMARK [3][-]{subsubsection.6.4.2.1}{\376\377\000\137\000\137\000u\000n\000i\000c\000o\000d\000e\000\137\000\137}{subsection.6.4.2}% 113
\BOOKMARK [3][-]{subsubsection.6.4.2.2}{\376\377\000g\000e\000t\000\137\000c\000o\000u\000r\000s\000e}{subsection.6.4.2}% 114
\BOOKMARK [2][-]{subsection.6.4.3}{\376\377\000M\000e\000m\000b\000e\000r\000\040\000D\000a\000t\000a\000\040\000D\000o\000c\000u\000m\000e\000n\000t\000a\000t\000i\000o\000n}{section.6.4}% 115
\BOOKMARK [3][-]{subsubsection.6.4.3.1}{\376\377\000n\000a\000m\000e}{subsection.6.4.3}% 116
\BOOKMARK [3][-]{subsubsection.6.4.3.2}{\376\377\000p\000r\000o\000f\000i\000l\000e}{subsection.6.4.3}% 117
\BOOKMARK [1][-]{section.6.5}{\376\377\000s\000t\000u\000d\000e\000n\000t\000s\000.\000l\000i\000n\000k\000e\000d\000i\000n\000\137\000c\000o\000n\000v\000e\000r\000t\000e\000r\000.\000C\000o\000u\000r\000s\000e\000\040\000C\000l\000a\000s\000s\000\040\000R\000e\000f\000e\000r\000e\000n\000c\000e}{chapter.6}% 118
\BOOKMARK [2][-]{subsection.6.5.1}{\376\377\000D\000e\000t\000a\000i\000l\000e\000d\000\040\000D\000e\000s\000c\000r\000i\000p\000t\000i\000o\000n}{section.6.5}% 119
\BOOKMARK [2][-]{subsection.6.5.2}{\376\377\000M\000e\000m\000b\000e\000r\000\040\000D\000a\000t\000a\000\040\000D\000o\000c\000u\000m\000e\000n\000t\000a\000t\000i\000o\000n}{section.6.5}% 120
\BOOKMARK [3][-]{subsubsection.6.5.2.1}{\376\377\000c\000i\000d}{subsection.6.5.2}% 121
\BOOKMARK [3][-]{subsubsection.6.5.2.2}{\376\377\000n\000a\000m\000e}{subsection.6.5.2}% 122
\BOOKMARK [1][-]{section.6.6}{\376\377\000s\000t\000u\000d\000e\000n\000t\000s\000.\000a\000d\000m\000i\000n\000.\000C\000o\000u\000r\000s\000e\000A\000d\000m\000i\000n\000\040\000C\000l\000a\000s\000s\000\040\000R\000e\000f\000e\000r\000e\000n\000c\000e}{chapter.6}% 123
\BOOKMARK [2][-]{subsection.6.6.1}{\376\377\000M\000e\000m\000b\000e\000r\000\040\000D\000a\000t\000a\000\040\000D\000o\000c\000u\000m\000e\000n\000t\000a\000t\000i\000o\000n}{section.6.6}% 124
\BOOKMARK [3][-]{subsubsection.6.6.1.1}{\376\377\000f\000i\000e\000l\000d\000s\000e\000t\000s}{subsection.6.6.1}% 125
\BOOKMARK [3][-]{subsubsection.6.6.1.2}{\376\377\000l\000i\000s\000t\000\137\000d\000i\000s\000p\000l\000a\000y}{subsection.6.6.1}% 126
\BOOKMARK [3][-]{subsubsection.6.6.1.3}{\376\377\000s\000e\000a\000r\000c\000h\000\137\000f\000i\000e\000l\000d\000s}{subsection.6.6.1}% 127
\BOOKMARK [1][-]{section.6.7}{\376\377\000s\000t\000u\000d\000e\000n\000t\000s\000.\000m\000o\000d\000e\000l\000s\000.\000E\000d\000u\000c\000a\000t\000i\000o\000n\000\040\000C\000l\000a\000s\000s\000\040\000R\000e\000f\000e\000r\000e\000n\000c\000e}{chapter.6}% 128
\BOOKMARK [2][-]{subsection.6.7.1}{\376\377\000D\000e\000t\000a\000i\000l\000e\000d\000\040\000D\000e\000s\000c\000r\000i\000p\000t\000i\000o\000n}{section.6.7}% 129
\BOOKMARK [2][-]{subsection.6.7.2}{\376\377\000M\000e\000m\000b\000e\000r\000\040\000F\000u\000n\000c\000t\000i\000o\000n\000\040\000D\000o\000c\000u\000m\000e\000n\000t\000a\000t\000i\000o\000n}{section.6.7}% 130
\BOOKMARK [3][-]{subsubsection.6.7.2.1}{\376\377\000\137\000\137\000u\000n\000i\000c\000o\000d\000e\000\137\000\137}{subsection.6.7.2}% 131
\BOOKMARK [3][-]{subsubsection.6.7.2.2}{\376\377\000g\000e\000t\000\137\000f\000i\000e\000l\000d\000O\000f\000S\000t\000u\000d\000y}{subsection.6.7.2}% 132
\BOOKMARK [2][-]{subsection.6.7.3}{\376\377\000M\000e\000m\000b\000e\000r\000\040\000D\000a\000t\000a\000\040\000D\000o\000c\000u\000m\000e\000n\000t\000a\000t\000i\000o\000n}{section.6.7}% 133
\BOOKMARK [3][-]{subsubsection.6.7.3.1}{\376\377\000d\000e\000g\000r\000e\000e}{subsection.6.7.3}% 134
\BOOKMARK [3][-]{subsubsection.6.7.3.2}{\376\377\000f\000i\000e\000l\000d\000O\000f\000S\000t\000u\000d\000y}{subsection.6.7.3}% 135
\BOOKMARK [3][-]{subsubsection.6.7.3.3}{\376\377\000p\000r\000o\000f\000i\000l\000e}{subsection.6.7.3}% 136
\BOOKMARK [3][-]{subsubsection.6.7.3.4}{\376\377\000s\000c\000h\000o\000o\000l\000N\000a\000m\000e}{subsection.6.7.3}% 137
\BOOKMARK [1][-]{section.6.8}{\376\377\000s\000t\000u\000d\000e\000n\000t\000s\000.\000l\000i\000n\000k\000e\000d\000i\000n\000\137\000c\000o\000n\000v\000e\000r\000t\000e\000r\000.\000E\000d\000u\000c\000a\000t\000i\000o\000n\000\040\000C\000l\000a\000s\000s\000\040\000R\000e\000f\000e\000r\000e\000n\000c\000e}{chapter.6}% 138
\BOOKMARK [2][-]{subsection.6.8.1}{\376\377\000D\000e\000t\000a\000i\000l\000e\000d\000\040\000D\000e\000s\000c\000r\000i\000p\000t\000i\000o\000n}{section.6.8}% 139
\BOOKMARK [2][-]{subsection.6.8.2}{\376\377\000M\000e\000m\000b\000e\000r\000\040\000D\000a\000t\000a\000\040\000D\000o\000c\000u\000m\000e\000n\000t\000a\000t\000i\000o\000n}{section.6.8}% 140
\BOOKMARK [3][-]{subsubsection.6.8.2.1}{\376\377\000d\000e\000g\000r\000e\000e}{subsection.6.8.2}% 141
\BOOKMARK [3][-]{subsubsection.6.8.2.2}{\376\377\000e\000i\000d}{subsection.6.8.2}% 142
\BOOKMARK [3][-]{subsubsection.6.8.2.3}{\376\377\000e\000n\000d\000D\000a\000t\000e}{subsection.6.8.2}% 143
\BOOKMARK [3][-]{subsubsection.6.8.2.4}{\376\377\000f\000i\000e\000l\000d\000O\000f\000S\000t\000u\000d\000y}{subsection.6.8.2}% 144
\BOOKMARK [3][-]{subsubsection.6.8.2.5}{\376\377\000s\000c\000h\000o\000o\000l\000N\000a\000m\000e}{subsection.6.8.2}% 145
\BOOKMARK [3][-]{subsubsection.6.8.2.6}{\376\377\000s\000t\000a\000r\000t\000D\000a\000t\000e}{subsection.6.8.2}% 146
\BOOKMARK [1][-]{section.6.9}{\376\377\000s\000t\000u\000d\000e\000n\000t\000s\000.\000a\000d\000m\000i\000n\000.\000E\000d\000u\000c\000a\000t\000i\000o\000n\000A\000d\000m\000i\000n\000\040\000C\000l\000a\000s\000s\000\040\000R\000e\000f\000e\000r\000e\000n\000c\000e}{chapter.6}% 147
\BOOKMARK [2][-]{subsection.6.9.1}{\376\377\000M\000e\000m\000b\000e\000r\000\040\000D\000a\000t\000a\000\040\000D\000o\000c\000u\000m\000e\000n\000t\000a\000t\000i\000o\000n}{section.6.9}% 148
\BOOKMARK [3][-]{subsubsection.6.9.1.1}{\376\377\000f\000i\000e\000l\000d\000s\000e\000t\000s}{subsection.6.9.1}% 149
\BOOKMARK [3][-]{subsubsection.6.9.1.2}{\376\377\000l\000i\000s\000t\000\137\000d\000i\000s\000p\000l\000a\000y}{subsection.6.9.1}% 150
\BOOKMARK [3][-]{subsubsection.6.9.1.3}{\376\377\000s\000e\000a\000r\000c\000h\000\137\000f\000i\000e\000l\000d\000s}{subsection.6.9.1}% 151
\BOOKMARK [1][-]{section.6.10}{\376\377\000s\000t\000u\000d\000e\000n\000t\000s\000.\000f\000o\000r\000m\000s\000.\000E\000m\000a\000i\000l\000F\000o\000r\000m\000\040\000C\000l\000a\000s\000s\000\040\000R\000e\000f\000e\000r\000e\000n\000c\000e}{chapter.6}% 152
\BOOKMARK [2][-]{subsection.6.10.1}{\376\377\000C\000o\000n\000s\000t\000r\000u\000c\000t\000o\000r\000\040\000\046\000\040\000D\000e\000s\000t\000r\000u\000c\000t\000o\000r\000\040\000D\000o\000c\000u\000m\000e\000n\000t\000a\000t\000i\000o\000n}{section.6.10}% 153
\BOOKMARK [3][-]{subsubsection.6.10.1.1}{\376\377\000\137\000\137\000i\000n\000i\000t\000\137\000\137}{subsection.6.10.1}% 154
\BOOKMARK [2][-]{subsection.6.10.2}{\376\377\000M\000e\000m\000b\000e\000r\000\040\000D\000a\000t\000a\000\040\000D\000o\000c\000u\000m\000e\000n\000t\000a\000t\000i\000o\000n}{section.6.10}% 155
\BOOKMARK [3][-]{subsubsection.6.10.2.1}{\376\377\000a\000t\000t\000a\000c\000h\000m\000e\000n\000t}{subsection.6.10.2}% 156
\BOOKMARK [3][-]{subsubsection.6.10.2.2}{\376\377\000b\000o\000d\000y}{subsection.6.10.2}% 157
\BOOKMARK [3][-]{subsubsection.6.10.2.3}{\376\377\000h\000e\000l\000p\000e\000r}{subsection.6.10.2}% 158
\BOOKMARK [3][-]{subsubsection.6.10.2.4}{\376\377\000s\000u\000b\000j\000e\000c\000t}{subsection.6.10.2}% 159
\BOOKMARK [1][-]{section.6.11}{\376\377\000s\000t\000u\000d\000e\000n\000t\000s\000.\000m\000o\000d\000e\000l\000s\000.\000L\000a\000n\000g\000u\000a\000g\000e\000\040\000C\000l\000a\000s\000s\000\040\000R\000e\000f\000e\000r\000e\000n\000c\000e}{chapter.6}% 160
\BOOKMARK [2][-]{subsection.6.11.1}{\376\377\000D\000e\000t\000a\000i\000l\000e\000d\000\040\000D\000e\000s\000c\000r\000i\000p\000t\000i\000o\000n}{section.6.11}% 161
\BOOKMARK [2][-]{subsection.6.11.2}{\376\377\000M\000e\000m\000b\000e\000r\000\040\000F\000u\000n\000c\000t\000i\000o\000n\000\040\000D\000o\000c\000u\000m\000e\000n\000t\000a\000t\000i\000o\000n}{section.6.11}% 162
\BOOKMARK [3][-]{subsubsection.6.11.2.1}{\376\377\000\137\000\137\000u\000n\000i\000c\000o\000d\000e\000\137\000\137}{subsection.6.11.2}% 163
\BOOKMARK [3][-]{subsubsection.6.11.2.2}{\376\377\000g\000e\000t\000\137\000l\000a\000n\000g\000u\000a\000g\000e}{subsection.6.11.2}% 164
\BOOKMARK [2][-]{subsection.6.11.3}{\376\377\000M\000e\000m\000b\000e\000r\000\040\000D\000a\000t\000a\000\040\000D\000o\000c\000u\000m\000e\000n\000t\000a\000t\000i\000o\000n}{section.6.11}% 165
\BOOKMARK [3][-]{subsubsection.6.11.3.1}{\376\377\000l\000e\000v\000e\000l}{subsection.6.11.3}% 166
\BOOKMARK [3][-]{subsubsection.6.11.3.2}{\376\377\000n\000a\000m\000e}{subsection.6.11.3}% 167
\BOOKMARK [3][-]{subsubsection.6.11.3.3}{\376\377\000p\000r\000o\000f\000i\000l\000e}{subsection.6.11.3}% 168
\BOOKMARK [1][-]{section.6.12}{\376\377\000s\000t\000u\000d\000e\000n\000t\000s\000.\000l\000i\000n\000k\000e\000d\000i\000n\000\137\000c\000o\000n\000v\000e\000r\000t\000e\000r\000.\000L\000a\000n\000g\000u\000a\000g\000e\000\040\000C\000l\000a\000s\000s\000\040\000R\000e\000f\000e\000r\000e\000n\000c\000e}{chapter.6}% 169
\BOOKMARK [2][-]{subsection.6.12.1}{\376\377\000D\000e\000t\000a\000i\000l\000e\000d\000\040\000D\000e\000s\000c\000r\000i\000p\000t\000i\000o\000n}{section.6.12}% 170
\BOOKMARK [2][-]{subsection.6.12.2}{\376\377\000M\000e\000m\000b\000e\000r\000\040\000D\000a\000t\000a\000\040\000D\000o\000c\000u\000m\000e\000n\000t\000a\000t\000i\000o\000n}{section.6.12}% 171
\BOOKMARK [3][-]{subsubsection.6.12.2.1}{\376\377\000l\000e\000v\000e\000l}{subsection.6.12.2}% 172
\BOOKMARK [3][-]{subsubsection.6.12.2.2}{\376\377\000l\000i\000d}{subsection.6.12.2}% 173
\BOOKMARK [3][-]{subsubsection.6.12.2.3}{\376\377\000n\000a\000m\000e}{subsection.6.12.2}% 174
\BOOKMARK [1][-]{section.6.13}{\376\377\000s\000t\000u\000d\000e\000n\000t\000s\000.\000a\000d\000m\000i\000n\000.\000L\000a\000n\000g\000u\000a\000g\000e\000A\000d\000m\000i\000n\000\040\000C\000l\000a\000s\000s\000\040\000R\000e\000f\000e\000r\000e\000n\000c\000e}{chapter.6}% 175
\BOOKMARK [2][-]{subsection.6.13.1}{\376\377\000M\000e\000m\000b\000e\000r\000\040\000D\000a\000t\000a\000\040\000D\000o\000c\000u\000m\000e\000n\000t\000a\000t\000i\000o\000n}{section.6.13}% 176
\BOOKMARK [3][-]{subsubsection.6.13.1.1}{\376\377\000f\000i\000e\000l\000d\000s\000e\000t\000s}{subsection.6.13.1}% 177
\BOOKMARK [3][-]{subsubsection.6.13.1.2}{\376\377\000l\000i\000s\000t\000\137\000d\000i\000s\000p\000l\000a\000y}{subsection.6.13.1}% 178
\BOOKMARK [3][-]{subsubsection.6.13.1.3}{\376\377\000s\000e\000a\000r\000c\000h\000\137\000f\000i\000e\000l\000d\000s}{subsection.6.13.1}% 179
\BOOKMARK [1][-]{section.6.14}{\376\377\000s\000t\000u\000d\000e\000n\000t\000s\000.\000m\000o\000d\000e\000l\000s\000.\000L\000i\000n\000k\000e\000d\000I\000n\000P\000r\000o\000f\000i\000l\000e\000\040\000C\000l\000a\000s\000s\000\040\000R\000e\000f\000e\000r\000e\000n\000c\000e}{chapter.6}% 180
\BOOKMARK [2][-]{subsection.6.14.1}{\376\377\000D\000e\000t\000a\000i\000l\000e\000d\000\040\000D\000e\000s\000c\000r\000i\000p\000t\000i\000o\000n}{section.6.14}% 181
\BOOKMARK [2][-]{subsection.6.14.2}{\376\377\000M\000e\000m\000b\000e\000r\000\040\000F\000u\000n\000c\000t\000i\000o\000n\000\040\000D\000o\000c\000u\000m\000e\000n\000t\000a\000t\000i\000o\000n}{section.6.14}% 182
\BOOKMARK [3][-]{subsubsection.6.14.2.1}{\376\377\000\137\000\137\000u\000n\000i\000c\000o\000d\000e\000\137\000\137}{subsection.6.14.2}% 183
\BOOKMARK [3][-]{subsubsection.6.14.2.2}{\376\377\000g\000e\000t\000\137\000f\000u\000l\000l\000\137\000n\000a\000m\000e}{subsection.6.14.2}% 184
\BOOKMARK [2][-]{subsection.6.14.3}{\376\377\000M\000e\000m\000b\000e\000r\000\040\000D\000a\000t\000a\000\040\000D\000o\000c\000u\000m\000e\000n\000t\000a\000t\000i\000o\000n}{section.6.14}% 185
\BOOKMARK [3][-]{subsubsection.6.14.3.1}{\376\377\000f\000i\000r\000s\000t\000N\000a\000m\000e}{subsection.6.14.3}% 186
\BOOKMARK [3][-]{subsubsection.6.14.3.2}{\376\377\000l\000a\000s\000t\000N\000a\000m\000e}{subsection.6.14.3}% 187
\BOOKMARK [3][-]{subsubsection.6.14.3.3}{\376\377\000l\000e\000a\000p\000k\000i\000t\000u\000s\000e\000r}{subsection.6.14.3}% 188
\BOOKMARK [3][-]{subsubsection.6.14.3.4}{\376\377\000l\000i\000n\000k\000e\000d\000i\000n\000\137\000i\000d}{subsection.6.14.3}% 189
\BOOKMARK [3][-]{subsubsection.6.14.3.5}{\376\377\000m\000o\000d\000i\000f\000i\000e\000d}{subsection.6.14.3}% 190
\BOOKMARK [3][-]{subsubsection.6.14.3.6}{\376\377\000p\000i\000c\000t\000u\000r\000e\000U\000r\000l}{subsection.6.14.3}% 191
\BOOKMARK [3][-]{subsubsection.6.14.3.7}{\376\377\000p\000u\000b\000l\000i\000c\000P\000r\000o\000f\000i\000l\000e\000U\000r\000l}{subsection.6.14.3}% 192
\BOOKMARK [1][-]{section.6.15}{\376\377\000s\000t\000u\000d\000e\000n\000t\000s\000.\000a\000d\000m\000i\000n\000.\000L\000i\000n\000k\000e\000d\000I\000n\000P\000r\000o\000f\000i\000l\000e\000A\000d\000m\000i\000n\000\040\000C\000l\000a\000s\000s\000\040\000R\000e\000f\000e\000r\000e\000n\000c\000e}{chapter.6}% 193
\BOOKMARK [2][-]{subsection.6.15.1}{\376\377\000M\000e\000m\000b\000e\000r\000\040\000D\000a\000t\000a\000\040\000D\000o\000c\000u\000m\000e\000n\000t\000a\000t\000i\000o\000n}{section.6.15}% 194
\BOOKMARK [3][-]{subsubsection.6.15.1.1}{\376\377\000f\000i\000e\000l\000d\000s\000e\000t\000s}{subsection.6.15.1}% 195
\BOOKMARK [3][-]{subsubsection.6.15.1.2}{\376\377\000l\000i\000s\000t\000\137\000d\000i\000s\000p\000l\000a\000y}{subsection.6.15.1}% 196
\BOOKMARK [3][-]{subsubsection.6.15.1.3}{\376\377\000r\000e\000a\000d\000o\000n\000l\000y\000\137\000f\000i\000e\000l\000d\000s}{subsection.6.15.1}% 197
\BOOKMARK [3][-]{subsubsection.6.15.1.4}{\376\377\000s\000e\000a\000r\000c\000h\000\137\000f\000i\000e\000l\000d\000s}{subsection.6.15.1}% 198
\BOOKMARK [1][-]{section.6.16}{\376\377\000s\000t\000u\000d\000e\000n\000t\000s\000.\000v\000i\000e\000w\000s\000.\000L\000i\000s\000t\000A\000l\000l\000P\000r\000o\000j\000e\000c\000t\000s\000V\000i\000e\000w\000\040\000C\000l\000a\000s\000s\000\040\000R\000e\000f\000e\000r\000e\000n\000c\000e}{chapter.6}% 199
\BOOKMARK [2][-]{subsection.6.16.1}{\376\377\000M\000e\000m\000b\000e\000r\000\040\000F\000u\000n\000c\000t\000i\000o\000n\000\040\000D\000o\000c\000u\000m\000e\000n\000t\000a\000t\000i\000o\000n}{section.6.16}% 200
\BOOKMARK [3][-]{subsubsection.6.16.1.1}{\376\377\000d\000i\000s\000p\000a\000t\000c\000h}{subsection.6.16.1}% 201
\BOOKMARK [3][-]{subsubsection.6.16.1.2}{\376\377\000g\000e\000t\000\137\000c\000o\000n\000t\000e\000x\000t\000\137\000d\000a\000t\000a}{subsection.6.16.1}% 202
\BOOKMARK [3][-]{subsubsection.6.16.1.3}{\376\377\000g\000e\000t\000\137\000q\000u\000e\000r\000y\000s\000e\000t}{subsection.6.16.1}% 203
\BOOKMARK [2][-]{subsection.6.16.2}{\376\377\000M\000e\000m\000b\000e\000r\000\040\000D\000a\000t\000a\000\040\000D\000o\000c\000u\000m\000e\000n\000t\000a\000t\000i\000o\000n}{section.6.16}% 204
\BOOKMARK [3][-]{subsubsection.6.16.2.1}{\376\377\000a\000l\000l\000o\000w\000\137\000e\000m\000p\000t\000y}{subsection.6.16.2}% 205
\BOOKMARK [3][-]{subsubsection.6.16.2.2}{\376\377\000l\000o\000g\000i\000n\000\137\000u\000r\000l}{subsection.6.16.2}% 206
\BOOKMARK [3][-]{subsubsection.6.16.2.3}{\376\377\000m\000o\000d\000e\000l}{subsection.6.16.2}% 207
\BOOKMARK [3][-]{subsubsection.6.16.2.4}{\376\377\000p\000a\000g\000i\000n\000a\000t\000e\000\137\000b\000y}{subsection.6.16.2}% 208
\BOOKMARK [3][-]{subsubsection.6.16.2.5}{\376\377\000t\000e\000m\000p\000l\000a\000t\000e\000\137\000n\000a\000m\000e}{subsection.6.16.2}% 209
\BOOKMARK [1][-]{section.6.17}{\376\377\000s\000t\000u\000d\000e\000n\000t\000s\000.\000f\000o\000r\000m\000s\000.\000S\000t\000u\000d\000e\000n\000t\000L\000o\000g\000I\000n\000F\000o\000r\000m\000.\000M\000e\000t\000a\000\040\000C\000l\000a\000s\000s\000\040\000R\000e\000f\000e\000r\000e\000n\000c\000e}{chapter.6}% 210
\BOOKMARK [2][-]{subsection.6.17.1}{\376\377\000M\000e\000m\000b\000e\000r\000\040\000D\000a\000t\000a\000\040\000D\000o\000c\000u\000m\000e\000n\000t\000a\000t\000i\000o\000n}{section.6.17}% 211
\BOOKMARK [3][-]{subsubsection.6.17.1.1}{\376\377\000m\000o\000d\000e\000l}{subsection.6.17.1}% 212
\BOOKMARK [1][-]{section.6.18}{\376\377\000s\000t\000u\000d\000e\000n\000t\000s\000.\000f\000o\000r\000m\000s\000.\000C\000h\000a\000n\000g\000e\000U\000s\000e\000r\000P\000a\000s\000s\000w\000o\000r\000d\000.\000M\000e\000t\000a\000\040\000C\000l\000a\000s\000s\000\040\000R\000e\000f\000e\000r\000e\000n\000c\000e}{chapter.6}% 213
\BOOKMARK [2][-]{subsection.6.18.1}{\376\377\000M\000e\000m\000b\000e\000r\000\040\000D\000a\000t\000a\000\040\000D\000o\000c\000u\000m\000e\000n\000t\000a\000t\000i\000o\000n}{section.6.18}% 214
\BOOKMARK [3][-]{subsubsection.6.18.1.1}{\376\377\000f\000i\000e\000l\000d\000s}{subsection.6.18.1}% 215
\BOOKMARK [3][-]{subsubsection.6.18.1.2}{\376\377\000m\000o\000d\000e\000l}{subsection.6.18.1}% 216
\BOOKMARK [1][-]{section.6.19}{\376\377\000s\000t\000u\000d\000e\000n\000t\000s\000.\000f\000o\000r\000m\000s\000.\000S\000t\000u\000d\000e\000n\000t\000F\000o\000r\000m\000.\000M\000e\000t\000a\000\040\000C\000l\000a\000s\000s\000\040\000R\000e\000f\000e\000r\000e\000n\000c\000e}{chapter.6}% 217
\BOOKMARK [2][-]{subsection.6.19.1}{\376\377\000M\000e\000m\000b\000e\000r\000\040\000D\000a\000t\000a\000\040\000D\000o\000c\000u\000m\000e\000n\000t\000a\000t\000i\000o\000n}{section.6.19}% 218
\BOOKMARK [3][-]{subsubsection.6.19.1.1}{\376\377\000f\000i\000e\000l\000d\000s}{subsection.6.19.1}% 219
\BOOKMARK [3][-]{subsubsection.6.19.1.2}{\376\377\000m\000o\000d\000e\000l}{subsection.6.19.1}% 220
\BOOKMARK [1][-]{section.6.20}{\376\377\000s\000t\000u\000d\000e\000n\000t\000s\000.\000f\000o\000r\000m\000s\000.\000E\000m\000a\000i\000l\000F\000o\000r\000m\000.\000M\000e\000t\000a\000\040\000C\000l\000a\000s\000s\000\040\000R\000e\000f\000e\000r\000e\000n\000c\000e}{chapter.6}% 221
\BOOKMARK [2][-]{subsection.6.20.1}{\376\377\000M\000e\000m\000b\000e\000r\000\040\000D\000a\000t\000a\000\040\000D\000o\000c\000u\000m\000e\000n\000t\000a\000t\000i\000o\000n}{section.6.20}% 222
\BOOKMARK [3][-]{subsubsection.6.20.1.1}{\376\377\000m\000o\000d\000e\000l}{subsection.6.20.1}% 223
\BOOKMARK [1][-]{section.6.21}{\376\377\000s\000t\000u\000d\000e\000n\000t\000s\000.\000f\000o\000r\000m\000s\000.\000S\000t\000u\000d\000e\000n\000t\000P\000r\000o\000j\000e\000c\000t\000F\000o\000r\000m\000.\000M\000e\000t\000a\000\040\000C\000l\000a\000s\000s\000\040\000R\000e\000f\000e\000r\000e\000n\000c\000e}{chapter.6}% 224
\BOOKMARK [2][-]{subsection.6.21.1}{\376\377\000M\000e\000m\000b\000e\000r\000\040\000D\000a\000t\000a\000\040\000D\000o\000c\000u\000m\000e\000n\000t\000a\000t\000i\000o\000n}{section.6.21}% 225
\BOOKMARK [3][-]{subsubsection.6.21.1.1}{\376\377\000f\000i\000e\000l\000d\000s}{subsection.6.21.1}% 226
\BOOKMARK [3][-]{subsubsection.6.21.1.2}{\376\377\000m\000o\000d\000e\000l}{subsection.6.21.1}% 227
\BOOKMARK [1][-]{section.6.22}{\376\377\000s\000t\000u\000d\000e\000n\000t\000s\000.\000f\000o\000r\000m\000s\000.\000S\000t\000u\000d\000e\000n\000t\000C\000r\000e\000a\000t\000i\000o\000n\000F\000o\000r\000m\000.\000M\000e\000t\000a\000\040\000C\000l\000a\000s\000s\000\040\000R\000e\000f\000e\000r\000e\000n\000c\000e}{chapter.6}% 228
\BOOKMARK [2][-]{subsection.6.22.1}{\376\377\000M\000e\000m\000b\000e\000r\000\040\000D\000a\000t\000a\000\040\000D\000o\000c\000u\000m\000e\000n\000t\000a\000t\000i\000o\000n}{section.6.22}% 229
\BOOKMARK [3][-]{subsubsection.6.22.1.1}{\376\377\000f\000i\000e\000l\000d\000s}{subsection.6.22.1}% 230
\BOOKMARK [3][-]{subsubsection.6.22.1.2}{\376\377\000m\000o\000d\000e\000l}{subsection.6.22.1}% 231
\BOOKMARK [1][-]{section.6.23}{\376\377\000s\000t\000u\000d\000e\000n\000t\000s\000.\000m\000i\000g\000r\000a\000t\000i\000o\000n\000s\000.\0000\0000\0000\0001\000\137\000i\000n\000i\000t\000i\000a\000l\000.\000M\000i\000g\000r\000a\000t\000i\000o\000n\000\040\000C\000l\000a\000s\000s\000\040\000R\000e\000f\000e\000r\000e\000n\000c\000e}{chapter.6}% 232
\BOOKMARK [2][-]{subsection.6.23.1}{\376\377\000M\000e\000m\000b\000e\000r\000\040\000F\000u\000n\000c\000t\000i\000o\000n\000\040\000D\000o\000c\000u\000m\000e\000n\000t\000a\000t\000i\000o\000n}{section.6.23}% 233
\BOOKMARK [3][-]{subsubsection.6.23.1.1}{\376\377\000b\000a\000c\000k\000w\000a\000r\000d\000s}{subsection.6.23.1}% 234
\BOOKMARK [3][-]{subsubsection.6.23.1.2}{\376\377\000f\000o\000r\000w\000a\000r\000d\000s}{subsection.6.23.1}% 235
\BOOKMARK [2][-]{subsection.6.23.2}{\376\377\000M\000e\000m\000b\000e\000r\000\040\000D\000a\000t\000a\000\040\000D\000o\000c\000u\000m\000e\000n\000t\000a\000t\000i\000o\000n}{section.6.23}% 236
\BOOKMARK [3][-]{subsubsection.6.23.2.1}{\376\377\000m\000o\000d\000e\000l\000s}{subsection.6.23.2}% 237
\BOOKMARK [1][-]{section.6.24}{\376\377\000s\000t\000u\000d\000e\000n\000t\000s\000.\000m\000i\000g\000r\000a\000t\000i\000o\000n\000s\000.\0000\0000\0000\0002\000\137\000a\000u\000t\000o\000\137\000\137\000a\000d\000d\000\137\000f\000i\000e\000l\000d\000\137\000s\000t\000u\000d\000e\000n\000t\000\137\000c\000v\000.\000M\000i\000g\000r\000a\000t\000i\000o\000n\000\040\000C\000l\000a\000s\000s\000\040\000R\000e\000f\000e\000r\000e\000n\000c\000e}{chapter.6}% 238
\BOOKMARK [2][-]{subsection.6.24.1}{\376\377\000M\000e\000m\000b\000e\000r\000\040\000F\000u\000n\000c\000t\000i\000o\000n\000\040\000D\000o\000c\000u\000m\000e\000n\000t\000a\000t\000i\000o\000n}{section.6.24}% 239
\BOOKMARK [3][-]{subsubsection.6.24.1.1}{\376\377\000b\000a\000c\000k\000w\000a\000r\000d\000s}{subsection.6.24.1}% 240
\BOOKMARK [3][-]{subsubsection.6.24.1.2}{\376\377\000f\000o\000r\000w\000a\000r\000d\000s}{subsection.6.24.1}% 241
\BOOKMARK [2][-]{subsection.6.24.2}{\376\377\000M\000e\000m\000b\000e\000r\000\040\000D\000a\000t\000a\000\040\000D\000o\000c\000u\000m\000e\000n\000t\000a\000t\000i\000o\000n}{section.6.24}% 242
\BOOKMARK [3][-]{subsubsection.6.24.2.1}{\376\377\000m\000o\000d\000e\000l\000s}{subsection.6.24.2}% 243
\BOOKMARK [1][-]{section.6.25}{\376\377\000s\000t\000u\000d\000e\000n\000t\000s\000.\000m\000i\000g\000r\000a\000t\000i\000o\000n\000s\000.\0000\0000\0000\0003\000\137\000a\000u\000t\000o\000\137\000\137\000a\000d\000d\000\137\000f\000i\000e\000l\000d\000\137\000s\000t\000u\000d\000e\000n\000t\000\137\000l\000i\000n\000e\000\137\000o\000f\000\137\000s\000t\000u\000d\000y\000.\000M\000i\000g\000r\000a\000t\000i\000o\000n\000\040\000C\000l\000a\000s\000s\000\040\000R\000e\000f\000e\000r\000e\000n\000c\000e}{chapter.6}% 244
\BOOKMARK [2][-]{subsection.6.25.1}{\376\377\000M\000e\000m\000b\000e\000r\000\040\000F\000u\000n\000c\000t\000i\000o\000n\000\040\000D\000o\000c\000u\000m\000e\000n\000t\000a\000t\000i\000o\000n}{section.6.25}% 245
\BOOKMARK [3][-]{subsubsection.6.25.1.1}{\376\377\000b\000a\000c\000k\000w\000a\000r\000d\000s}{subsection.6.25.1}% 246
\BOOKMARK [3][-]{subsubsection.6.25.1.2}{\376\377\000f\000o\000r\000w\000a\000r\000d\000s}{subsection.6.25.1}% 247
\BOOKMARK [2][-]{subsection.6.25.2}{\376\377\000M\000e\000m\000b\000e\000r\000\040\000D\000a\000t\000a\000\040\000D\000o\000c\000u\000m\000e\000n\000t\000a\000t\000i\000o\000n}{section.6.25}% 248
\BOOKMARK [3][-]{subsubsection.6.25.2.1}{\376\377\000m\000o\000d\000e\000l\000s}{subsection.6.25.2}% 249
\BOOKMARK [1][-]{section.6.26}{\376\377\000s\000t\000u\000d\000e\000n\000t\000s\000.\000m\000i\000g\000r\000a\000t\000i\000o\000n\000s\000.\0000\0000\0000\0004\000\137\000a\000u\000t\000o\000\137\000\137\000a\000d\000d\000\137\000f\000i\000e\000l\000d\000\137\000s\000t\000u\000d\000e\000n\000t\000\137\000e\000d\000u\000c\000a\000t\000i\000o\000n\000\137\000l\000e\000v\000e\000l\000.\000M\000i\000g\000r\000a\000t\000i\000o\000n\000\040\000C\000l\000a\000s\000s\000\040\000R\000e\000f\000e\000r\000e\000n\000c\000e}{chapter.6}% 250
\BOOKMARK [2][-]{subsection.6.26.1}{\376\377\000M\000e\000m\000b\000e\000r\000\040\000F\000u\000n\000c\000t\000i\000o\000n\000\040\000D\000o\000c\000u\000m\000e\000n\000t\000a\000t\000i\000o\000n}{section.6.26}% 251
\BOOKMARK [3][-]{subsubsection.6.26.1.1}{\376\377\000b\000a\000c\000k\000w\000a\000r\000d\000s}{subsection.6.26.1}% 252
\BOOKMARK [3][-]{subsubsection.6.26.1.2}{\376\377\000f\000o\000r\000w\000a\000r\000d\000s}{subsection.6.26.1}% 253
\BOOKMARK [2][-]{subsection.6.26.2}{\376\377\000M\000e\000m\000b\000e\000r\000\040\000D\000a\000t\000a\000\040\000D\000o\000c\000u\000m\000e\000n\000t\000a\000t\000i\000o\000n}{section.6.26}% 254
\BOOKMARK [3][-]{subsubsection.6.26.2.1}{\376\377\000m\000o\000d\000e\000l\000s}{subsection.6.26.2}% 255
\BOOKMARK [1][-]{section.6.27}{\376\377\000s\000t\000u\000d\000e\000n\000t\000s\000.\000m\000i\000g\000r\000a\000t\000i\000o\000n\000s\000.\0000\0000\0000\0005\000\137\000a\000u\000t\000o\000\137\000\137\000a\000d\000d\000\137\000f\000i\000e\000l\000d\000\137\000s\000t\000u\000d\000e\000n\000t\000\137\000t\000i\000m\000e\000s\000\137\000l\000o\000g\000g\000e\000d\000\137\000i\000n\000.\000M\000i\000g\000r\000a\000t\000i\000o\000n\000\040\000C\000l\000a\000s\000s\000\040\000R\000e\000f\000e\000r\000e\000n\000c\000e}{chapter.6}% 256
\BOOKMARK [2][-]{subsection.6.27.1}{\376\377\000M\000e\000m\000b\000e\000r\000\040\000F\000u\000n\000c\000t\000i\000o\000n\000\040\000D\000o\000c\000u\000m\000e\000n\000t\000a\000t\000i\000o\000n}{section.6.27}% 257
\BOOKMARK [3][-]{subsubsection.6.27.1.1}{\376\377\000b\000a\000c\000k\000w\000a\000r\000d\000s}{subsection.6.27.1}% 258
\BOOKMARK [3][-]{subsubsection.6.27.1.2}{\376\377\000f\000o\000r\000w\000a\000r\000d\000s}{subsection.6.27.1}% 259
\BOOKMARK [2][-]{subsection.6.27.2}{\376\377\000M\000e\000m\000b\000e\000r\000\040\000D\000a\000t\000a\000\040\000D\000o\000c\000u\000m\000e\000n\000t\000a\000t\000i\000o\000n}{section.6.27}% 260
\BOOKMARK [3][-]{subsubsection.6.27.2.1}{\376\377\000m\000o\000d\000e\000l\000s}{subsection.6.27.2}% 261
\BOOKMARK [1][-]{section.6.28}{\376\377\000s\000t\000u\000d\000e\000n\000t\000s\000.\000l\000i\000n\000k\000e\000d\000i\000n\000\137\000c\000o\000n\000v\000e\000r\000t\000e\000r\000.\000P\000e\000r\000s\000o\000n\000\040\000C\000l\000a\000s\000s\000\040\000R\000e\000f\000e\000r\000e\000n\000c\000e}{chapter.6}% 262
\BOOKMARK [2][-]{subsection.6.28.1}{\376\377\000D\000e\000t\000a\000i\000l\000e\000d\000\040\000D\000e\000s\000c\000r\000i\000p\000t\000i\000o\000n}{section.6.28}% 263
\BOOKMARK [2][-]{subsection.6.28.2}{\376\377\000M\000e\000m\000b\000e\000r\000\040\000F\000u\000n\000c\000t\000i\000o\000n\000\040\000D\000o\000c\000u\000m\000e\000n\000t\000a\000t\000i\000o\000n}{section.6.28}% 264
\BOOKMARK [3][-]{subsubsection.6.28.2.1}{\376\377\000\137\000\137\000s\000t\000r\000\137\000\137}{subsection.6.28.2}% 265
\BOOKMARK [2][-]{subsection.6.28.3}{\376\377\000M\000e\000m\000b\000e\000r\000\040\000D\000a\000t\000a\000\040\000D\000o\000c\000u\000m\000e\000n\000t\000a\000t\000i\000o\000n}{section.6.28}% 266
\BOOKMARK [3][-]{subsubsection.6.28.3.1}{\376\377\000c\000o\000u\000r\000s\000e\000s}{subsection.6.28.3}% 267
\BOOKMARK [3][-]{subsubsection.6.28.3.2}{\376\377\000e\000d\000u\000c\000a\000t\000i\000o\000n\000s}{subsection.6.28.3}% 268
\BOOKMARK [3][-]{subsubsection.6.28.3.3}{\376\377\000f\000i\000r\000s\000t\000N\000a\000m\000e}{subsection.6.28.3}% 269
\BOOKMARK [3][-]{subsubsection.6.28.3.4}{\376\377\000l\000a\000n\000g\000u\000a\000g\000e\000s}{subsection.6.28.3}% 270
\BOOKMARK [3][-]{subsubsection.6.28.3.5}{\376\377\000l\000a\000s\000t\000N\000a\000m\000e}{subsection.6.28.3}% 271
\BOOKMARK [3][-]{subsubsection.6.28.3.6}{\376\377\000l\000o\000c\000a\000t\000i\000o\000n}{subsection.6.28.3}% 272
\BOOKMARK [3][-]{subsubsection.6.28.3.7}{\376\377\000m\000a\000i\000d\000e\000n\000N\000a\000m\000e}{subsection.6.28.3}% 273
\BOOKMARK [3][-]{subsubsection.6.28.3.8}{\376\377\000p\000i\000c\000t\000u\000r\000e\000U\000r\000l}{subsection.6.28.3}% 274
\BOOKMARK [3][-]{subsubsection.6.28.3.9}{\376\377\000p\000i\000d}{subsection.6.28.3}% 275
\BOOKMARK [3][-]{subsubsection.6.28.3.10}{\376\377\000p\000o\000s\000i\000t\000i\000o\000n\000s}{subsection.6.28.3}% 276
\BOOKMARK [3][-]{subsubsection.6.28.3.11}{\376\377\000p\000u\000b\000l\000i\000c\000P\000r\000o\000f\000i\000l\000e\000U\000r\000l}{subsection.6.28.3}% 277
\BOOKMARK [3][-]{subsubsection.6.28.3.12}{\376\377\000s\000k\000i\000l\000l\000s}{subsection.6.28.3}% 278
\BOOKMARK [3][-]{subsubsection.6.28.3.13}{\376\377\000s\000p\000e\000c\000i\000a\000l\000i\000t\000i\000e\000s}{subsection.6.28.3}% 279
\BOOKMARK [1][-]{section.6.29}{\376\377\000s\000t\000u\000d\000e\000n\000t\000s\000.\000m\000o\000d\000e\000l\000s\000.\000P\000o\000s\000i\000t\000i\000o\000n\000\040\000C\000l\000a\000s\000s\000\040\000R\000e\000f\000e\000r\000e\000n\000c\000e}{chapter.6}% 280
\BOOKMARK [2][-]{subsection.6.29.1}{\376\377\000D\000e\000t\000a\000i\000l\000e\000d\000\040\000D\000e\000s\000c\000r\000i\000p\000t\000i\000o\000n}{section.6.29}% 281
\BOOKMARK [2][-]{subsection.6.29.2}{\376\377\000M\000e\000m\000b\000e\000r\000\040\000F\000u\000n\000c\000t\000i\000o\000n\000\040\000D\000o\000c\000u\000m\000e\000n\000t\000a\000t\000i\000o\000n}{section.6.29}% 282
\BOOKMARK [3][-]{subsubsection.6.29.2.1}{\376\377\000\137\000\137\000u\000n\000i\000c\000o\000d\000e\000\137\000\137}{subsection.6.29.2}% 283
\BOOKMARK [3][-]{subsubsection.6.29.2.2}{\376\377\000g\000e\000t\000\137\000j\000o\000b\000t\000i\000t\000l\000e}{subsection.6.29.2}% 284
\BOOKMARK [2][-]{subsection.6.29.3}{\376\377\000M\000e\000m\000b\000e\000r\000\040\000D\000a\000t\000a\000\040\000D\000o\000c\000u\000m\000e\000n\000t\000a\000t\000i\000o\000n}{section.6.29}% 285
\BOOKMARK [3][-]{subsubsection.6.29.3.1}{\376\377\000c\000o\000m\000p\000a\000n\000y}{subsection.6.29.3}% 286
\BOOKMARK [3][-]{subsubsection.6.29.3.2}{\376\377\000e\000n\000d\000D\000a\000t\000e}{subsection.6.29.3}% 287
\BOOKMARK [3][-]{subsubsection.6.29.3.3}{\376\377\000i\000s\000C\000u\000r\000r\000e\000n\000t}{subsection.6.29.3}% 288
\BOOKMARK [3][-]{subsubsection.6.29.3.4}{\376\377\000j\000o\000b\000t\000i\000t\000l\000e}{subsection.6.29.3}% 289
\BOOKMARK [3][-]{subsubsection.6.29.3.5}{\376\377\000p\000r\000o\000f\000i\000l\000e}{subsection.6.29.3}% 290
\BOOKMARK [3][-]{subsubsection.6.29.3.6}{\376\377\000s\000t\000a\000r\000t\000D\000a\000t\000e}{subsection.6.29.3}% 291
\BOOKMARK [1][-]{section.6.30}{\376\377\000s\000t\000u\000d\000e\000n\000t\000s\000.\000l\000i\000n\000k\000e\000d\000i\000n\000\137\000c\000o\000n\000v\000e\000r\000t\000e\000r\000.\000P\000o\000s\000i\000t\000i\000o\000n\000\040\000C\000l\000a\000s\000s\000\040\000R\000e\000f\000e\000r\000e\000n\000c\000e}{chapter.6}% 292
\BOOKMARK [2][-]{subsection.6.30.1}{\376\377\000D\000e\000t\000a\000i\000l\000e\000d\000\040\000D\000e\000s\000c\000r\000i\000p\000t\000i\000o\000n}{section.6.30}% 293
\BOOKMARK [2][-]{subsection.6.30.2}{\376\377\000M\000e\000m\000b\000e\000r\000\040\000D\000a\000t\000a\000\040\000D\000o\000c\000u\000m\000e\000n\000t\000a\000t\000i\000o\000n}{section.6.30}% 294
\BOOKMARK [3][-]{subsubsection.6.30.2.1}{\376\377\000c\000o\000m\000p\000a\000n\000y}{subsection.6.30.2}% 295
\BOOKMARK [3][-]{subsubsection.6.30.2.2}{\376\377\000e\000n\000d\000D\000a\000t\000e}{subsection.6.30.2}% 296
\BOOKMARK [3][-]{subsubsection.6.30.2.3}{\376\377\000i\000s\000C\000u\000r\000r\000e\000n\000t}{subsection.6.30.2}% 297
\BOOKMARK [3][-]{subsubsection.6.30.2.4}{\376\377\000p\000i\000d}{subsection.6.30.2}% 298
\BOOKMARK [3][-]{subsubsection.6.30.2.5}{\376\377\000s\000t\000a\000r\000t\000D\000a\000t\000e}{subsection.6.30.2}% 299
\BOOKMARK [3][-]{subsubsection.6.30.2.6}{\376\377\000s\000u\000m\000m\000a\000r\000y}{subsection.6.30.2}% 300
\BOOKMARK [3][-]{subsubsection.6.30.2.7}{\376\377\000t\000i\000t\000l\000e}{subsection.6.30.2}% 301
\BOOKMARK [1][-]{section.6.31}{\376\377\000s\000t\000u\000d\000e\000n\000t\000s\000.\000a\000d\000m\000i\000n\000.\000P\000o\000s\000i\000t\000i\000o\000n\000A\000d\000m\000i\000n\000\040\000C\000l\000a\000s\000s\000\040\000R\000e\000f\000e\000r\000e\000n\000c\000e}{chapter.6}% 302
\BOOKMARK [2][-]{subsection.6.31.1}{\376\377\000M\000e\000m\000b\000e\000r\000\040\000D\000a\000t\000a\000\040\000D\000o\000c\000u\000m\000e\000n\000t\000a\000t\000i\000o\000n}{section.6.31}% 303
\BOOKMARK [3][-]{subsubsection.6.31.1.1}{\376\377\000f\000i\000e\000l\000d\000s\000e\000t\000s}{subsection.6.31.1}% 304
\BOOKMARK [3][-]{subsubsection.6.31.1.2}{\376\377\000l\000i\000s\000t\000\137\000d\000i\000s\000p\000l\000a\000y}{subsection.6.31.1}% 305
\BOOKMARK [3][-]{subsubsection.6.31.1.3}{\376\377\000s\000e\000a\000r\000c\000h\000\137\000f\000i\000e\000l\000d\000s}{subsection.6.31.1}% 306
\BOOKMARK [1][-]{section.6.32}{\376\377\000s\000t\000u\000d\000e\000n\000t\000s\000.\000v\000i\000e\000w\000s\000.\000S\000e\000n\000d\000M\000a\000i\000l\000V\000i\000e\000w\000\040\000C\000l\000a\000s\000s\000\040\000R\000e\000f\000e\000r\000e\000n\000c\000e}{chapter.6}% 307
\BOOKMARK [2][-]{subsection.6.32.1}{\376\377\000M\000e\000m\000b\000e\000r\000\040\000F\000u\000n\000c\000t\000i\000o\000n\000\040\000D\000o\000c\000u\000m\000e\000n\000t\000a\000t\000i\000o\000n}{section.6.32}% 308
\BOOKMARK [3][-]{subsubsection.6.32.1.1}{\376\377\000f\000o\000r\000m\000\137\000v\000a\000l\000i\000d}{subsection.6.32.1}% 309
\BOOKMARK [3][-]{subsubsection.6.32.1.2}{\376\377\000g\000e\000t\000\137\000c\000o\000n\000t\000e\000x\000t\000\137\000d\000a\000t\000a}{subsection.6.32.1}% 310
\BOOKMARK [2][-]{subsection.6.32.2}{\376\377\000M\000e\000m\000b\000e\000r\000\040\000D\000a\000t\000a\000\040\000D\000o\000c\000u\000m\000e\000n\000t\000a\000t\000i\000o\000n}{section.6.32}% 311
\BOOKMARK [3][-]{subsubsection.6.32.2.1}{\376\377\000f\000o\000r\000m\000\137\000c\000l\000a\000s\000s}{subsection.6.32.2}% 312
\BOOKMARK [3][-]{subsubsection.6.32.2.2}{\376\377\000t\000e\000m\000p\000l\000a\000t\000e\000\137\000n\000a\000m\000e}{subsection.6.32.2}% 313
\BOOKMARK [1][-]{section.6.33}{\376\377\000s\000t\000u\000d\000e\000n\000t\000s\000.\000m\000o\000d\000e\000l\000s\000.\000S\000k\000i\000l\000l\000\040\000C\000l\000a\000s\000s\000\040\000R\000e\000f\000e\000r\000e\000n\000c\000e}{chapter.6}% 314
\BOOKMARK [2][-]{subsection.6.33.1}{\376\377\000D\000e\000t\000a\000i\000l\000e\000d\000\040\000D\000e\000s\000c\000r\000i\000p\000t\000i\000o\000n}{section.6.33}% 315
\BOOKMARK [2][-]{subsection.6.33.2}{\376\377\000M\000e\000m\000b\000e\000r\000\040\000F\000u\000n\000c\000t\000i\000o\000n\000\040\000D\000o\000c\000u\000m\000e\000n\000t\000a\000t\000i\000o\000n}{section.6.33}% 316
\BOOKMARK [3][-]{subsubsection.6.33.2.1}{\376\377\000\137\000\137\000u\000n\000i\000c\000o\000d\000e\000\137\000\137}{subsection.6.33.2}% 317
\BOOKMARK [3][-]{subsubsection.6.33.2.2}{\376\377\000g\000e\000t\000\137\000s\000k\000i\000l\000l}{subsection.6.33.2}% 318
\BOOKMARK [2][-]{subsection.6.33.3}{\376\377\000M\000e\000m\000b\000e\000r\000\040\000D\000a\000t\000a\000\040\000D\000o\000c\000u\000m\000e\000n\000t\000a\000t\000i\000o\000n}{section.6.33}% 319
\BOOKMARK [3][-]{subsubsection.6.33.3.1}{\376\377\000n\000a\000m\000e}{subsection.6.33.3}% 320
\BOOKMARK [3][-]{subsubsection.6.33.3.2}{\376\377\000p\000r\000o\000f\000i\000l\000e}{subsection.6.33.3}% 321
\BOOKMARK [1][-]{section.6.34}{\376\377\000s\000t\000u\000d\000e\000n\000t\000s\000.\000l\000i\000n\000k\000e\000d\000i\000n\000\137\000c\000o\000n\000v\000e\000r\000t\000e\000r\000.\000S\000k\000i\000l\000l\000\040\000C\000l\000a\000s\000s\000\040\000R\000e\000f\000e\000r\000e\000n\000c\000e}{chapter.6}% 322
\BOOKMARK [2][-]{subsection.6.34.1}{\376\377\000D\000e\000t\000a\000i\000l\000e\000d\000\040\000D\000e\000s\000c\000r\000i\000p\000t\000i\000o\000n}{section.6.34}% 323
\BOOKMARK [2][-]{subsection.6.34.2}{\376\377\000M\000e\000m\000b\000e\000r\000\040\000D\000a\000t\000a\000\040\000D\000o\000c\000u\000m\000e\000n\000t\000a\000t\000i\000o\000n}{section.6.34}% 324
\BOOKMARK [3][-]{subsubsection.6.34.2.1}{\376\377\000n\000a\000m\000e}{subsection.6.34.2}% 325
\BOOKMARK [3][-]{subsubsection.6.34.2.2}{\376\377\000s\000i\000d}{subsection.6.34.2}% 326
\BOOKMARK [1][-]{section.6.35}{\376\377\000s\000t\000u\000d\000e\000n\000t\000s\000.\000a\000d\000m\000i\000n\000.\000S\000k\000i\000l\000l\000A\000d\000m\000i\000n\000\040\000C\000l\000a\000s\000s\000\040\000R\000e\000f\000e\000r\000e\000n\000c\000e}{chapter.6}% 327
\BOOKMARK [2][-]{subsection.6.35.1}{\376\377\000M\000e\000m\000b\000e\000r\000\040\000D\000a\000t\000a\000\040\000D\000o\000c\000u\000m\000e\000n\000t\000a\000t\000i\000o\000n}{section.6.35}% 328
\BOOKMARK [3][-]{subsubsection.6.35.1.1}{\376\377\000f\000i\000e\000l\000d\000s\000e\000t\000s}{subsection.6.35.1}% 329
\BOOKMARK [3][-]{subsubsection.6.35.1.2}{\376\377\000l\000i\000s\000t\000\137\000d\000i\000s\000p\000l\000a\000y}{subsection.6.35.1}% 330
\BOOKMARK [3][-]{subsubsection.6.35.1.3}{\376\377\000s\000e\000a\000r\000c\000h\000\137\000f\000i\000e\000l\000d\000s}{subsection.6.35.1}% 331
\BOOKMARK [1][-]{section.6.36}{\376\377\000s\000t\000u\000d\000e\000n\000t\000s\000.\000m\000o\000d\000e\000l\000s\000.\000S\000t\000u\000d\000e\000n\000t\000\040\000C\000l\000a\000s\000s\000\040\000R\000e\000f\000e\000r\000e\000n\000c\000e}{chapter.6}% 332
\BOOKMARK [2][-]{subsection.6.36.1}{\376\377\000M\000e\000m\000b\000e\000r\000\040\000F\000u\000n\000c\000t\000i\000o\000n\000\040\000D\000o\000c\000u\000m\000e\000n\000t\000a\000t\000i\000o\000n}{section.6.36}% 333
\BOOKMARK [3][-]{subsubsection.6.36.1.1}{\376\377\000\137\000\137\000u\000n\000i\000c\000o\000d\000e\000\137\000\137}{subsection.6.36.1}% 334
\BOOKMARK [3][-]{subsubsection.6.36.1.2}{\376\377\000g\000e\000t\000\137\000a\000b\000s\000o\000l\000u\000t\000e\000\137\000u\000p\000d\000a\000t\000e\000\137\000u\000r\000l}{subsection.6.36.1}% 335
\BOOKMARK [3][-]{subsubsection.6.36.1.3}{\376\377\000g\000e\000t\000\137\000a\000b\000s\000o\000l\000u\000t\000e\000\137\000u\000r\000l}{subsection.6.36.1}% 336
\BOOKMARK [3][-]{subsubsection.6.36.1.4}{\376\377\000g\000e\000t\000\137\000f\000u\000l\000l\000\137\000n\000a\000m\000e}{subsection.6.36.1}% 337
\BOOKMARK [3][-]{subsubsection.6.36.1.5}{\376\377\000g\000e\000t\000\137\000s\000h\000o\000r\000t\000\137\000n\000a\000m\000e}{subsection.6.36.1}% 338
\BOOKMARK [3][-]{subsubsection.6.36.1.6}{\376\377\000s\000a\000v\000e}{subsection.6.36.1}% 339
\BOOKMARK [3][-]{subsubsection.6.36.1.7}{\376\377\000s\000e\000n\000d\000\137\000a\000c\000t\000i\000v\000a\000t\000i\000o\000n\000\137\000e\000m\000a\000i\000l}{subsection.6.36.1}% 340
\BOOKMARK [3][-]{subsubsection.6.36.1.8}{\376\377\000u\000n\000i\000q\000u\000e\000\137\000s\000l\000u\000g\000i\000f\000y}{subsection.6.36.1}% 341
\BOOKMARK [2][-]{subsection.6.36.2}{\376\377\000M\000e\000m\000b\000e\000r\000\040\000D\000a\000t\000a\000\040\000D\000o\000c\000u\000m\000e\000n\000t\000a\000t\000i\000o\000n}{section.6.36}% 342
\BOOKMARK [3][-]{subsubsection.6.36.2.1}{\376\377\000B\000A\000C\000H\000E\000L\000O\000R}{subsection.6.36.2}% 343
\BOOKMARK [3][-]{subsubsection.6.36.2.2}{\376\377\000c\000i\000t\000y}{subsection.6.36.2}% 344
\BOOKMARK [3][-]{subsubsection.6.36.2.3}{\376\377\000c\000o\000u\000n\000t\000r\000y}{subsection.6.36.2}% 345
\BOOKMARK [3][-]{subsubsection.6.36.2.4}{\376\377\000c\000o\000u\000r\000s\000e\000s}{subsection.6.36.2}% 346
\BOOKMARK [3][-]{subsubsection.6.36.2.5}{\376\377\000c\000v}{subsection.6.36.2}% 347
\BOOKMARK [3][-]{subsubsection.6.36.2.6}{\376\377\000d\000a\000t\000e\000\137\000j\000o\000i\000n\000e\000d}{subsection.6.36.2}% 348
\BOOKMARK [3][-]{subsubsection.6.36.2.7}{\376\377\000d\000a\000t\000e\000\137\000o\000f\000\137\000b\000i\000r\000t\000h}{subsection.6.36.2}% 349
\BOOKMARK [3][-]{subsubsection.6.36.2.8}{\376\377\000d\000e\000p\000a\000r\000t\000m\000e\000n\000t}{subsection.6.36.2}% 350
\BOOKMARK [3][-]{subsubsection.6.36.2.9}{\376\377\000d\000e\000s\000c\000r\000i\000p\000t\000i\000o\000n}{subsection.6.36.2}% 351
\BOOKMARK [3][-]{subsubsection.6.36.2.10}{\376\377\000e\000d\000u\000c\000a\000t\000i\000o\000n\000\137\000l\000e\000v\000e\000l}{subsection.6.36.2}% 352
\BOOKMARK [3][-]{subsubsection.6.36.2.11}{\376\377\000E\000D\000U\000C\000T\000A\000T\000I\000O\000N\000\137\000L\000E\000V\000E\000L}{subsection.6.36.2}% 353
\BOOKMARK [3][-]{subsubsection.6.36.2.12}{\376\377\000F\000E\000M\000A\000L\000E}{subsection.6.36.2}% 354
\BOOKMARK [3][-]{subsubsection.6.36.2.13}{\376\377\000f\000i\000r\000s\000t\000\137\000n\000a\000m\000e}{subsection.6.36.2}% 355
\BOOKMARK [3][-]{subsubsection.6.36.2.14}{\376\377\000g\000e\000n\000d\000e\000r}{subsection.6.36.2}% 356
\BOOKMARK [3][-]{subsubsection.6.36.2.15}{\376\377\000i\000m\000a\000g\000e}{subsection.6.36.2}% 357
\BOOKMARK [3][-]{subsubsection.6.36.2.16}{\376\377\000i\000m\000a\000g\000e}{subsection.6.36.2}% 358
\BOOKMARK [3][-]{subsubsection.6.36.2.17}{\376\377\000i\000n\000s\000t\000i\000t\000u\000t\000i\000o\000n}{subsection.6.36.2}% 359
\BOOKMARK [3][-]{subsubsection.6.36.2.18}{\376\377\000l\000a\000s\000t\000\137\000n\000a\000m\000e}{subsection.6.36.2}% 360
\BOOKMARK [3][-]{subsubsection.6.36.2.19}{\376\377\000l\000i\000n\000e\000\137\000o\000f\000\137\000s\000t\000u\000d\000y}{subsection.6.36.2}% 361
\BOOKMARK [3][-]{subsubsection.6.36.2.20}{\376\377\000M\000A\000L\000E}{subsection.6.36.2}% 362
\BOOKMARK [3][-]{subsubsection.6.36.2.21}{\376\377\000M\000A\000S\000T\000E\000R}{subsection.6.36.2}% 363
\BOOKMARK [3][-]{subsubsection.6.36.2.22}{\376\377\000m\000o\000d\000i\000f\000i\000e\000d}{subsection.6.36.2}% 364
\BOOKMARK [3][-]{subsubsection.6.36.2.23}{\376\377\000r\000e\000g\000i\000o\000n}{subsection.6.36.2}% 365
\BOOKMARK [3][-]{subsubsection.6.36.2.24}{\376\377\000S\000E\000X}{subsection.6.36.2}% 366
\BOOKMARK [3][-]{subsubsection.6.36.2.25}{\376\377\000s\000l\000u\000g}{subsection.6.36.2}% 367
\BOOKMARK [3][-]{subsubsection.6.36.2.26}{\376\377\000s\000t\000r\000e\000e\000t}{subsection.6.36.2}% 368
\BOOKMARK [3][-]{subsubsection.6.36.2.27}{\376\377\000t\000i\000m\000e\000s\000\137\000l\000o\000g\000g\000e\000d\000\137\000i\000n}{subsection.6.36.2}% 369
\BOOKMARK [3][-]{subsubsection.6.36.2.28}{\376\377\000u\000s\000e\000r}{subsection.6.36.2}% 370
\BOOKMARK [3][-]{subsubsection.6.36.2.29}{\376\377\000z\000i\000p\000\137\000c\000o\000d\000e}{subsection.6.36.2}% 371
\BOOKMARK [1][-]{section.6.37}{\376\377\000s\000t\000u\000d\000e\000n\000t\000s\000.\000a\000d\000m\000i\000n\000.\000S\000t\000u\000d\000e\000n\000t\000A\000d\000m\000i\000n\000\040\000C\000l\000a\000s\000s\000\040\000R\000e\000f\000e\000r\000e\000n\000c\000e}{chapter.6}% 372
\BOOKMARK [2][-]{subsection.6.37.1}{\376\377\000M\000e\000m\000b\000e\000r\000\040\000D\000a\000t\000a\000\040\000D\000o\000c\000u\000m\000e\000n\000t\000a\000t\000i\000o\000n}{section.6.37}% 373
\BOOKMARK [3][-]{subsubsection.6.37.1.1}{\376\377\000f\000i\000e\000l\000d\000s\000e\000t\000s}{subsection.6.37.1}% 374
\BOOKMARK [3][-]{subsubsection.6.37.1.2}{\376\377\000l\000i\000s\000t\000\137\000d\000i\000s\000p\000l\000a\000y}{subsection.6.37.1}% 375
\BOOKMARK [3][-]{subsubsection.6.37.1.3}{\376\377\000l\000i\000s\000t\000\137\000f\000i\000l\000t\000e\000r}{subsection.6.37.1}% 376
\BOOKMARK [3][-]{subsubsection.6.37.1.4}{\376\377\000s\000e\000a\000r\000c\000h\000\137\000f\000i\000e\000l\000d\000s}{subsection.6.37.1}% 377
\BOOKMARK [1][-]{section.6.38}{\376\377\000s\000t\000u\000d\000e\000n\000t\000s\000.\000f\000o\000r\000m\000s\000.\000S\000t\000u\000d\000e\000n\000t\000C\000r\000e\000a\000t\000i\000o\000n\000F\000o\000r\000m\000\040\000C\000l\000a\000s\000s\000\040\000R\000e\000f\000e\000r\000e\000n\000c\000e}{chapter.6}% 378
\BOOKMARK [2][-]{subsection.6.38.1}{\376\377\000C\000o\000n\000s\000t\000r\000u\000c\000t\000o\000r\000\040\000\046\000\040\000D\000e\000s\000t\000r\000u\000c\000t\000o\000r\000\040\000D\000o\000c\000u\000m\000e\000n\000t\000a\000t\000i\000o\000n}{section.6.38}% 379
\BOOKMARK [3][-]{subsubsection.6.38.1.1}{\376\377\000\137\000\137\000i\000n\000i\000t\000\137\000\137}{subsection.6.38.1}% 380
\BOOKMARK [2][-]{subsection.6.38.2}{\376\377\000M\000e\000m\000b\000e\000r\000\040\000F\000u\000n\000c\000t\000i\000o\000n\000\040\000D\000o\000c\000u\000m\000e\000n\000t\000a\000t\000i\000o\000n}{section.6.38}% 381
\BOOKMARK [3][-]{subsubsection.6.38.2.1}{\376\377\000c\000l\000e\000a\000n\000\137\000e\000m\000a\000i\000l}{subsection.6.38.2}% 382
\BOOKMARK [3][-]{subsubsection.6.38.2.2}{\376\377\000c\000l\000e\000a\000n\000\137\000p\000a\000s\000s\000w\000o\000r\000d\0002}{subsection.6.38.2}% 383
\BOOKMARK [3][-]{subsubsection.6.38.2.3}{\376\377\000s\000a\000v\000e}{subsection.6.38.2}% 384
\BOOKMARK [2][-]{subsection.6.38.3}{\376\377\000M\000e\000m\000b\000e\000r\000\040\000D\000a\000t\000a\000\040\000D\000o\000c\000u\000m\000e\000n\000t\000a\000t\000i\000o\000n}{section.6.38}% 385
\BOOKMARK [3][-]{subsubsection.6.38.3.1}{\376\377\000e\000m\000a\000i\000l}{subsection.6.38.3}% 386
\BOOKMARK [3][-]{subsubsection.6.38.3.2}{\376\377\000h\000e\000l\000p\000e\000r}{subsection.6.38.3}% 387
\BOOKMARK [3][-]{subsubsection.6.38.3.3}{\376\377\000p\000a\000s\000s\000w\000o\000r\000d\0001}{subsection.6.38.3}% 388
\BOOKMARK [3][-]{subsubsection.6.38.3.4}{\376\377\000p\000a\000s\000s\000w\000o\000r\000d\0002}{subsection.6.38.3}% 389
\BOOKMARK [1][-]{section.6.39}{\376\377\000s\000t\000u\000d\000e\000n\000t\000s\000.\000v\000i\000e\000w\000s\000.\000S\000t\000u\000d\000e\000n\000t\000F\000A\000Q\000V\000i\000e\000w\000\040\000C\000l\000a\000s\000s\000\040\000R\000e\000f\000e\000r\000e\000n\000c\000e}{chapter.6}% 390
\BOOKMARK [2][-]{subsection.6.39.1}{\376\377\000M\000e\000m\000b\000e\000r\000\040\000F\000u\000n\000c\000t\000i\000o\000n\000\040\000D\000o\000c\000u\000m\000e\000n\000t\000a\000t\000i\000o\000n}{section.6.39}% 391
\BOOKMARK [3][-]{subsubsection.6.39.1.1}{\376\377\000g\000e\000t\000\137\000q\000u\000e\000r\000y\000s\000e\000t}{subsection.6.39.1}% 392
\BOOKMARK [2][-]{subsection.6.39.2}{\376\377\000M\000e\000m\000b\000e\000r\000\040\000D\000a\000t\000a\000\040\000D\000o\000c\000u\000m\000e\000n\000t\000a\000t\000i\000o\000n}{section.6.39}% 393
\BOOKMARK [3][-]{subsubsection.6.39.2.1}{\376\377\000l\000o\000g\000i\000n\000\137\000u\000r\000l}{subsection.6.39.2}% 394
\BOOKMARK [3][-]{subsubsection.6.39.2.2}{\376\377\000m\000o\000d\000e\000l}{subsection.6.39.2}% 395
\BOOKMARK [3][-]{subsubsection.6.39.2.3}{\376\377\000t\000e\000m\000p\000l\000a\000t\000e\000\137\000n\000a\000m\000e}{subsection.6.39.2}% 396
\BOOKMARK [1][-]{section.6.40}{\376\377\000s\000t\000u\000d\000e\000n\000t\000s\000.\000v\000i\000e\000w\000s\000.\000S\000t\000u\000d\000e\000n\000t\000F\000e\000e\000d\000B\000a\000c\000k\000\040\000C\000l\000a\000s\000s\000\040\000R\000e\000f\000e\000r\000e\000n\000c\000e}{chapter.6}% 397
\BOOKMARK [2][-]{subsection.6.40.1}{\376\377\000M\000e\000m\000b\000e\000r\000\040\000F\000u\000n\000c\000t\000i\000o\000n\000\040\000D\000o\000c\000u\000m\000e\000n\000t\000a\000t\000i\000o\000n}{section.6.40}% 398
\BOOKMARK [3][-]{subsubsection.6.40.1.1}{\376\377\000f\000o\000r\000m\000\137\000i\000n\000v\000a\000l\000i\000d}{subsection.6.40.1}% 399
\BOOKMARK [3][-]{subsubsection.6.40.1.2}{\376\377\000f\000o\000r\000m\000\137\000v\000a\000l\000i\000d}{subsection.6.40.1}% 400
\BOOKMARK [2][-]{subsection.6.40.2}{\376\377\000M\000e\000m\000b\000e\000r\000\040\000D\000a\000t\000a\000\040\000D\000o\000c\000u\000m\000e\000n\000t\000a\000t\000i\000o\000n}{section.6.40}% 401
\BOOKMARK [3][-]{subsubsection.6.40.2.1}{\376\377\000f\000o\000r\000m\000\137\000c\000l\000a\000s\000s}{subsection.6.40.2}% 402
\BOOKMARK [3][-]{subsubsection.6.40.2.2}{\376\377\000l\000o\000g\000i\000n\000\137\000u\000r\000l}{subsection.6.40.2}% 403
\BOOKMARK [3][-]{subsubsection.6.40.2.3}{\376\377\000m\000o\000d\000e\000l}{subsection.6.40.2}% 404
\BOOKMARK [3][-]{subsubsection.6.40.2.4}{\376\377\000t\000e\000m\000p\000l\000a\000t\000e\000\137\000n\000a\000m\000e}{subsection.6.40.2}% 405
\BOOKMARK [1][-]{section.6.41}{\376\377\000s\000t\000u\000d\000e\000n\000t\000s\000.\000f\000o\000r\000m\000s\000.\000S\000t\000u\000d\000e\000n\000t\000F\000o\000r\000m\000\040\000C\000l\000a\000s\000s\000\040\000R\000e\000f\000e\000r\000e\000n\000c\000e}{chapter.6}% 406
\BOOKMARK [2][-]{subsection.6.41.1}{\376\377\000C\000o\000n\000s\000t\000r\000u\000c\000t\000o\000r\000\040\000\046\000\040\000D\000e\000s\000t\000r\000u\000c\000t\000o\000r\000\040\000D\000o\000c\000u\000m\000e\000n\000t\000a\000t\000i\000o\000n}{section.6.41}% 407
\BOOKMARK [3][-]{subsubsection.6.41.1.1}{\376\377\000\137\000\137\000i\000n\000i\000t\000\137\000\137}{subsection.6.41.1}% 408
\BOOKMARK [2][-]{subsection.6.41.2}{\376\377\000M\000e\000m\000b\000e\000r\000\040\000D\000a\000t\000a\000\040\000D\000o\000c\000u\000m\000e\000n\000t\000a\000t\000i\000o\000n}{section.6.41}% 409
\BOOKMARK [3][-]{subsubsection.6.41.2.1}{\376\377\000h\000e\000l\000p\000e\000r}{subsection.6.41.2}% 410
\BOOKMARK [1][-]{section.6.42}{\376\377\000s\000t\000u\000d\000e\000n\000t\000s\000.\000f\000o\000r\000m\000s\000.\000S\000t\000u\000d\000e\000n\000t\000L\000o\000g\000I\000n\000F\000o\000r\000m\000\040\000C\000l\000a\000s\000s\000\040\000R\000e\000f\000e\000r\000e\000n\000c\000e}{chapter.6}% 411
\BOOKMARK [2][-]{subsection.6.42.1}{\376\377\000C\000o\000n\000s\000t\000r\000u\000c\000t\000o\000r\000\040\000\046\000\040\000D\000e\000s\000t\000r\000u\000c\000t\000o\000r\000\040\000D\000o\000c\000u\000m\000e\000n\000t\000a\000t\000i\000o\000n}{section.6.42}% 412
\BOOKMARK [3][-]{subsubsection.6.42.1.1}{\376\377\000\137\000\137\000i\000n\000i\000t\000\137\000\137}{subsection.6.42.1}% 413
\BOOKMARK [2][-]{subsection.6.42.2}{\376\377\000M\000e\000m\000b\000e\000r\000\040\000D\000a\000t\000a\000\040\000D\000o\000c\000u\000m\000e\000n\000t\000a\000t\000i\000o\000n}{section.6.42}% 414
\BOOKMARK [3][-]{subsubsection.6.42.2.1}{\376\377\000h\000e\000l\000p\000e\000r}{subsection.6.42.2}% 415
\BOOKMARK [1][-]{section.6.43}{\376\377\000s\000t\000u\000d\000e\000n\000t\000s\000.\000v\000i\000e\000w\000s\000.\000S\000t\000u\000d\000e\000n\000t\000L\000o\000g\000I\000n\000V\000i\000e\000w\000\040\000C\000l\000a\000s\000s\000\040\000R\000e\000f\000e\000r\000e\000n\000c\000e}{chapter.6}% 416
\BOOKMARK [2][-]{subsection.6.43.1}{\376\377\000M\000e\000m\000b\000e\000r\000\040\000F\000u\000n\000c\000t\000i\000o\000n\000\040\000D\000o\000c\000u\000m\000e\000n\000t\000a\000t\000i\000o\000n}{section.6.43}% 417
\BOOKMARK [3][-]{subsubsection.6.43.1.1}{\376\377\000f\000o\000r\000m\000\137\000i\000n\000v\000a\000l\000i\000d}{subsection.6.43.1}% 418
\BOOKMARK [3][-]{subsubsection.6.43.1.2}{\376\377\000f\000o\000r\000m\000\137\000v\000a\000l\000i\000d}{subsection.6.43.1}% 419
\BOOKMARK [2][-]{subsection.6.43.2}{\376\377\000M\000e\000m\000b\000e\000r\000\040\000D\000a\000t\000a\000\040\000D\000o\000c\000u\000m\000e\000n\000t\000a\000t\000i\000o\000n}{section.6.43}% 420
\BOOKMARK [3][-]{subsubsection.6.43.2.1}{\376\377\000f\000o\000r\000m\000\137\000c\000l\000a\000s\000s}{subsection.6.43.2}% 421
\BOOKMARK [3][-]{subsubsection.6.43.2.2}{\376\377\000m\000o\000d\000e\000l}{subsection.6.43.2}% 422
\BOOKMARK [3][-]{subsubsection.6.43.2.3}{\376\377\000t\000e\000m\000p\000l\000a\000t\000e\000\137\000n\000a\000m\000e}{subsection.6.43.2}% 423
\BOOKMARK [1][-]{section.6.44}{\376\377\000s\000t\000u\000d\000e\000n\000t\000s\000.\000v\000i\000e\000w\000s\000.\000S\000t\000u\000d\000e\000n\000t\000O\000w\000n\000P\000r\000o\000j\000e\000c\000t\000L\000i\000s\000t\000V\000i\000e\000w\000\040\000C\000l\000a\000s\000s\000\040\000R\000e\000f\000e\000r\000e\000n\000c\000e}{chapter.6}% 424
\BOOKMARK [2][-]{subsection.6.44.1}{\376\377\000M\000e\000m\000b\000e\000r\000\040\000F\000u\000n\000c\000t\000i\000o\000n\000\040\000D\000o\000c\000u\000m\000e\000n\000t\000a\000t\000i\000o\000n}{section.6.44}% 425
\BOOKMARK [3][-]{subsubsection.6.44.1.1}{\376\377\000d\000i\000s\000p\000a\000t\000c\000h}{subsection.6.44.1}% 426
\BOOKMARK [3][-]{subsubsection.6.44.1.2}{\376\377\000g\000e\000t\000\137\000c\000o\000n\000t\000e\000x\000t\000\137\000d\000a\000t\000a}{subsection.6.44.1}% 427
\BOOKMARK [3][-]{subsubsection.6.44.1.3}{\376\377\000g\000e\000t\000\137\000q\000u\000e\000r\000y\000s\000e\000t}{subsection.6.44.1}% 428
\BOOKMARK [2][-]{subsection.6.44.2}{\376\377\000M\000e\000m\000b\000e\000r\000\040\000D\000a\000t\000a\000\040\000D\000o\000c\000u\000m\000e\000n\000t\000a\000t\000i\000o\000n}{section.6.44}% 429
\BOOKMARK [3][-]{subsubsection.6.44.2.1}{\376\377\000l\000o\000g\000i\000n\000\137\000u\000r\000l}{subsection.6.44.2}% 430
\BOOKMARK [3][-]{subsubsection.6.44.2.2}{\376\377\000m\000o\000d\000e\000l}{subsection.6.44.2}% 431
\BOOKMARK [3][-]{subsubsection.6.44.2.3}{\376\377\000t\000e\000m\000p\000l\000a\000t\000e\000\137\000n\000a\000m\000e}{subsection.6.44.2}% 432
\BOOKMARK [1][-]{section.6.45}{\376\377\000s\000t\000u\000d\000e\000n\000t\000s\000.\000t\000e\000s\000t\000s\000.\000t\000e\000s\000t\000\137\000m\000o\000d\000e\000l\000s\000.\000S\000t\000u\000d\000e\000n\000t\000P\000r\000o\000f\000i\000l\000e\000T\000e\000s\000t\000\040\000C\000l\000a\000s\000s\000\040\000R\000e\000f\000e\000r\000e\000n\000c\000e}{chapter.6}% 433
\BOOKMARK [2][-]{subsection.6.45.1}{\376\377\000M\000e\000m\000b\000e\000r\000\040\000F\000u\000n\000c\000t\000i\000o\000n\000\040\000D\000o\000c\000u\000m\000e\000n\000t\000a\000t\000i\000o\000n}{section.6.45}% 434
\BOOKMARK [3][-]{subsubsection.6.45.1.1}{\376\377\000c\000r\000e\000a\000t\000e\000\137\000p\000r\000o\000f\000i\000l\000e}{subsection.6.45.1}% 435
\BOOKMARK [3][-]{subsubsection.6.45.1.2}{\376\377\000s\000e\000t\000U\000p}{subsection.6.45.1}% 436
\BOOKMARK [3][-]{subsubsection.6.45.1.3}{\376\377\000t\000e\000s\000t\000\137\000s\000t\000u\000d\000e\000n\000t\000\137\000p\000r\000o\000f\000i\000l\000e\000\137\000c\000r\000e\000a\000t\000i\000o\000n}{subsection.6.45.1}% 437
\BOOKMARK [3][-]{subsubsection.6.45.1.4}{\376\377\000t\000e\000s\000t\000\137\000u\000s\000e\000r\000\137\000e\000x\000i\000s\000t\000s}{subsection.6.45.1}% 438
\BOOKMARK [2][-]{subsection.6.45.2}{\376\377\000M\000e\000m\000b\000e\000r\000\040\000D\000a\000t\000a\000\040\000D\000o\000c\000u\000m\000e\000n\000t\000a\000t\000i\000o\000n}{section.6.45}% 439
\BOOKMARK [3][-]{subsubsection.6.45.2.1}{\376\377\000u\000s\000e\000r}{subsection.6.45.2}% 440
\BOOKMARK [1][-]{section.6.46}{\376\377\000s\000t\000u\000d\000e\000n\000t\000s\000.\000m\000o\000d\000e\000l\000s\000.\000S\000t\000u\000d\000e\000n\000t\000P\000r\000o\000j\000e\000c\000t\000\040\000C\000l\000a\000s\000s\000\040\000R\000e\000f\000e\000r\000e\000n\000c\000e}{chapter.6}% 441
\BOOKMARK [2][-]{subsection.6.46.1}{\376\377\000D\000e\000t\000a\000i\000l\000e\000d\000\040\000D\000e\000s\000c\000r\000i\000p\000t\000i\000o\000n}{section.6.46}% 442
\BOOKMARK [2][-]{subsection.6.46.2}{\376\377\000M\000e\000m\000b\000e\000r\000\040\000D\000a\000t\000a\000\040\000D\000o\000c\000u\000m\000e\000n\000t\000a\000t\000i\000o\000n}{section.6.46}% 443
\BOOKMARK [3][-]{subsubsection.6.46.2.1}{\376\377\000o\000b\000j\000e\000c\000t\000s}{subsection.6.46.2}% 444
\BOOKMARK [3][-]{subsubsection.6.46.2.2}{\376\377\000p\000r\000o\000j\000e\000c\000t\000\137\000o\000w\000n\000e\000r}{subsection.6.46.2}% 445
\BOOKMARK [1][-]{section.6.47}{\376\377\000s\000t\000u\000d\000e\000n\000t\000s\000.\000a\000d\000m\000i\000n\000.\000S\000t\000u\000d\000e\000n\000t\000P\000r\000o\000j\000e\000c\000t\000A\000d\000m\000i\000n\000\040\000C\000l\000a\000s\000s\000\040\000R\000e\000f\000e\000r\000e\000n\000c\000e}{chapter.6}% 446
\BOOKMARK [2][-]{subsection.6.47.1}{\376\377\000M\000e\000m\000b\000e\000r\000\040\000D\000a\000t\000a\000\040\000D\000o\000c\000u\000m\000e\000n\000t\000a\000t\000i\000o\000n}{section.6.47}% 447
\BOOKMARK [3][-]{subsubsection.6.47.1.1}{\376\377\000f\000i\000e\000l\000d\000s\000e\000t\000s}{subsection.6.47.1}% 448
\BOOKMARK [3][-]{subsubsection.6.47.1.2}{\376\377\000l\000i\000s\000t\000\137\000d\000i\000s\000p\000l\000a\000y}{subsection.6.47.1}% 449
\BOOKMARK [3][-]{subsubsection.6.47.1.3}{\376\377\000l\000i\000s\000t\000\137\000f\000i\000l\000t\000e\000r}{subsection.6.47.1}% 450
\BOOKMARK [3][-]{subsubsection.6.47.1.4}{\376\377\000s\000e\000a\000r\000c\000h\000\137\000f\000i\000e\000l\000d\000s}{subsection.6.47.1}% 451
\BOOKMARK [1][-]{section.6.48}{\376\377\000s\000t\000u\000d\000e\000n\000t\000s\000.\000v\000i\000e\000w\000s\000.\000S\000t\000u\000d\000e\000n\000t\000P\000r\000o\000j\000e\000c\000t\000C\000r\000e\000a\000t\000i\000o\000n\000V\000i\000e\000w\000\040\000C\000l\000a\000s\000s\000\040\000R\000e\000f\000e\000r\000e\000n\000c\000e}{chapter.6}% 452
\BOOKMARK [2][-]{subsection.6.48.1}{\376\377\000M\000e\000m\000b\000e\000r\000\040\000F\000u\000n\000c\000t\000i\000o\000n\000\040\000D\000o\000c\000u\000m\000e\000n\000t\000a\000t\000i\000o\000n}{section.6.48}% 453
\BOOKMARK [3][-]{subsubsection.6.48.1.1}{\376\377\000d\000i\000s\000p\000a\000t\000c\000h}{subsection.6.48.1}% 454
\BOOKMARK [3][-]{subsubsection.6.48.1.2}{\376\377\000f\000o\000r\000m\000\137\000v\000a\000l\000i\000d}{subsection.6.48.1}% 455
\BOOKMARK [2][-]{subsection.6.48.2}{\376\377\000M\000e\000m\000b\000e\000r\000\040\000D\000a\000t\000a\000\040\000D\000o\000c\000u\000m\000e\000n\000t\000a\000t\000i\000o\000n}{section.6.48}% 456
\BOOKMARK [3][-]{subsubsection.6.48.2.1}{\376\377\000f\000o\000r\000m\000\137\000c\000l\000a\000s\000s}{subsection.6.48.2}% 457
\BOOKMARK [3][-]{subsubsection.6.48.2.2}{\376\377\000l\000o\000g\000i\000n\000\137\000u\000r\000l}{subsection.6.48.2}% 458
\BOOKMARK [3][-]{subsubsection.6.48.2.3}{\376\377\000m\000o\000d\000e\000l}{subsection.6.48.2}% 459
\BOOKMARK [3][-]{subsubsection.6.48.2.4}{\376\377\000t\000e\000m\000p\000l\000a\000t\000e\000\137\000n\000a\000m\000e}{subsection.6.48.2}% 460
\BOOKMARK [1][-]{section.6.49}{\376\377\000s\000t\000u\000d\000e\000n\000t\000s\000.\000v\000i\000e\000w\000s\000.\000S\000t\000u\000d\000e\000n\000t\000P\000r\000o\000j\000e\000c\000t\000D\000e\000t\000a\000i\000l\000V\000i\000e\000w\000\040\000C\000l\000a\000s\000s\000\040\000R\000e\000f\000e\000r\000e\000n\000c\000e}{chapter.6}% 461
\BOOKMARK [2][-]{subsection.6.49.1}{\376\377\000M\000e\000m\000b\000e\000r\000\040\000F\000u\000n\000c\000t\000i\000o\000n\000\040\000D\000o\000c\000u\000m\000e\000n\000t\000a\000t\000i\000o\000n}{section.6.49}% 462
\BOOKMARK [3][-]{subsubsection.6.49.1.1}{\376\377\000g\000e\000t\000\137\000q\000u\000e\000r\000y\000s\000e\000t}{subsection.6.49.1}% 463
\BOOKMARK [2][-]{subsection.6.49.2}{\376\377\000M\000e\000m\000b\000e\000r\000\040\000D\000a\000t\000a\000\040\000D\000o\000c\000u\000m\000e\000n\000t\000a\000t\000i\000o\000n}{section.6.49}% 464
\BOOKMARK [3][-]{subsubsection.6.49.2.1}{\376\377\000l\000o\000g\000i\000n\000\137\000u\000r\000l}{subsection.6.49.2}% 465
\BOOKMARK [3][-]{subsubsection.6.49.2.2}{\376\377\000m\000o\000d\000e\000l}{subsection.6.49.2}% 466
\BOOKMARK [3][-]{subsubsection.6.49.2.3}{\376\377\000t\000e\000m\000p\000l\000a\000t\000e\000\137\000n\000a\000m\000e}{subsection.6.49.2}% 467
\BOOKMARK [1][-]{section.6.50}{\376\377\000s\000t\000u\000d\000e\000n\000t\000s\000.\000f\000o\000r\000m\000s\000.\000S\000t\000u\000d\000e\000n\000t\000P\000r\000o\000j\000e\000c\000t\000F\000o\000r\000m\000\040\000C\000l\000a\000s\000s\000\040\000R\000e\000f\000e\000r\000e\000n\000c\000e}{chapter.6}% 468
\BOOKMARK [2][-]{subsection.6.50.1}{\376\377\000C\000o\000n\000s\000t\000r\000u\000c\000t\000o\000r\000\040\000\046\000\040\000D\000e\000s\000t\000r\000u\000c\000t\000o\000r\000\040\000D\000o\000c\000u\000m\000e\000n\000t\000a\000t\000i\000o\000n}{section.6.50}% 469
\BOOKMARK [3][-]{subsubsection.6.50.1.1}{\376\377\000\137\000\137\000i\000n\000i\000t\000\137\000\137}{subsection.6.50.1}% 470
\BOOKMARK [2][-]{subsection.6.50.2}{\376\377\000M\000e\000m\000b\000e\000r\000\040\000F\000u\000n\000c\000t\000i\000o\000n\000\040\000D\000o\000c\000u\000m\000e\000n\000t\000a\000t\000i\000o\000n}{section.6.50}% 471
\BOOKMARK [3][-]{subsubsection.6.50.2.1}{\376\377\000c\000l\000e\000a\000n\000\137\000i\000m\000a\000g\000e}{subsection.6.50.2}% 472
\BOOKMARK [3][-]{subsubsection.6.50.2.2}{\376\377\000c\000l\000e\000a\000n\000\137\000s\000t\000u\000d\000e\000n\000t\000s\000\137\000n\000e\000e\000d\000e\000d}{subsection.6.50.2}% 473
\BOOKMARK [2][-]{subsection.6.50.3}{\376\377\000M\000e\000m\000b\000e\000r\000\040\000D\000a\000t\000a\000\040\000D\000o\000c\000u\000m\000e\000n\000t\000a\000t\000i\000o\000n}{section.6.50}% 474
\BOOKMARK [3][-]{subsubsection.6.50.3.1}{\376\377\000e\000n\000d\000\137\000d\000a\000t\000e}{subsection.6.50.3}% 475
\BOOKMARK [3][-]{subsubsection.6.50.3.2}{\376\377\000h\000e\000l\000p\000e\000r}{subsection.6.50.3}% 476
\BOOKMARK [3][-]{subsubsection.6.50.3.3}{\376\377\000s\000t\000a\000r\000t\000\137\000d\000a\000t\000e}{subsection.6.50.3}% 477
\BOOKMARK [1][-]{section.6.51}{\376\377\000s\000t\000u\000d\000e\000n\000t\000s\000.\000m\000o\000d\000e\000l\000s\000.\000S\000t\000u\000d\000e\000n\000t\000P\000r\000o\000j\000e\000c\000t\000M\000a\000n\000a\000g\000e\000r\000\040\000C\000l\000a\000s\000s\000\040\000R\000e\000f\000e\000r\000e\000n\000c\000e}{chapter.6}% 478
\BOOKMARK [2][-]{subsection.6.51.1}{\376\377\000M\000e\000m\000b\000e\000r\000\040\000F\000u\000n\000c\000t\000i\000o\000n\000\040\000D\000o\000c\000u\000m\000e\000n\000t\000a\000t\000i\000o\000n}{section.6.51}% 479
\BOOKMARK [3][-]{subsubsection.6.51.1.1}{\376\377\000g\000e\000t\000\137\000o\000w\000n\000\137\000d\000r\000a\000f\000t\000s\000\137\000q\000u\000e\000r\000y\000s\000e\000t}{subsection.6.51.1}% 480
\BOOKMARK [3][-]{subsubsection.6.51.1.2}{\376\377\000g\000e\000t\000\137\000o\000w\000n\000\137\000p\000r\000o\000j\000e\000c\000t\000s}{subsection.6.51.1}% 481
\BOOKMARK [3][-]{subsubsection.6.51.1.3}{\376\377\000g\000e\000t\000\137\000o\000w\000n\000\137\000p\000u\000b\000l\000i\000s\000h\000e\000d\000\137\000q\000u\000e\000r\000y\000s\000e\000t}{subsection.6.51.1}% 482
\BOOKMARK [3][-]{subsubsection.6.51.1.4}{\376\377\000g\000e\000t\000\137\000p\000u\000b\000l\000i\000s\000h\000e\000d\000\137\000q\000u\000e\000r\000y\000s\000e\000t}{subsection.6.51.1}% 483
\BOOKMARK [1][-]{section.6.52}{\376\377\000s\000t\000u\000d\000e\000n\000t\000s\000.\000v\000i\000e\000w\000s\000.\000S\000t\000u\000d\000e\000n\000t\000P\000r\000o\000j\000e\000c\000t\000U\000p\000d\000a\000t\000e\000V\000i\000e\000w\000\040\000C\000l\000a\000s\000s\000\040\000R\000e\000f\000e\000r\000e\000n\000c\000e}{chapter.6}% 484
\BOOKMARK [2][-]{subsection.6.52.1}{\376\377\000M\000e\000m\000b\000e\000r\000\040\000F\000u\000n\000c\000t\000i\000o\000n\000\040\000D\000o\000c\000u\000m\000e\000n\000t\000a\000t\000i\000o\000n}{section.6.52}% 485
\BOOKMARK [3][-]{subsubsection.6.52.1.1}{\376\377\000f\000o\000r\000m\000\137\000v\000a\000l\000i\000d}{subsection.6.52.1}% 486
\BOOKMARK [2][-]{subsection.6.52.2}{\376\377\000M\000e\000m\000b\000e\000r\000\040\000D\000a\000t\000a\000\040\000D\000o\000c\000u\000m\000e\000n\000t\000a\000t\000i\000o\000n}{section.6.52}% 487
\BOOKMARK [3][-]{subsubsection.6.52.2.1}{\376\377\000f\000o\000r\000m\000\137\000c\000l\000a\000s\000s}{subsection.6.52.2}% 488
\BOOKMARK [3][-]{subsubsection.6.52.2.2}{\376\377\000l\000o\000g\000i\000n\000\137\000u\000r\000l}{subsection.6.52.2}% 489
\BOOKMARK [3][-]{subsubsection.6.52.2.3}{\376\377\000m\000o\000d\000e\000l}{subsection.6.52.2}% 490
\BOOKMARK [3][-]{subsubsection.6.52.2.4}{\376\377\000t\000e\000m\000p\000l\000a\000t\000e\000\137\000n\000a\000m\000e}{subsection.6.52.2}% 491
\BOOKMARK [1][-]{section.6.53}{\376\377\000s\000t\000u\000d\000e\000n\000t\000s\000.\000v\000i\000e\000w\000s\000.\000S\000t\000u\000d\000e\000n\000t\000S\000i\000g\000n\000U\000p\000V\000i\000e\000w\000\040\000C\000l\000a\000s\000s\000\040\000R\000e\000f\000e\000r\000e\000n\000c\000e}{chapter.6}% 492
\BOOKMARK [2][-]{subsection.6.53.1}{\376\377\000M\000e\000m\000b\000e\000r\000\040\000F\000u\000n\000c\000t\000i\000o\000n\000\040\000D\000o\000c\000u\000m\000e\000n\000t\000a\000t\000i\000o\000n}{section.6.53}% 493
\BOOKMARK [3][-]{subsubsection.6.53.1.1}{\376\377\000f\000o\000r\000m\000\137\000i\000n\000v\000a\000l\000i\000d}{subsection.6.53.1}% 494
\BOOKMARK [3][-]{subsubsection.6.53.1.2}{\376\377\000f\000o\000r\000m\000\137\000v\000a\000l\000i\000d}{subsection.6.53.1}% 495
\BOOKMARK [2][-]{subsection.6.53.2}{\376\377\000M\000e\000m\000b\000e\000r\000\040\000D\000a\000t\000a\000\040\000D\000o\000c\000u\000m\000e\000n\000t\000a\000t\000i\000o\000n}{section.6.53}% 496
\BOOKMARK [3][-]{subsubsection.6.53.2.1}{\376\377\000f\000o\000r\000m\000\137\000c\000l\000a\000s\000s}{subsection.6.53.2}% 497
\BOOKMARK [3][-]{subsubsection.6.53.2.2}{\376\377\000m\000o\000d\000e\000l}{subsection.6.53.2}% 498
\BOOKMARK [3][-]{subsubsection.6.53.2.3}{\376\377\000t\000e\000m\000p\000l\000a\000t\000e\000\137\000n\000a\000m\000e}{subsection.6.53.2}% 499
\BOOKMARK [1][-]{section.6.54}{\376\377\000s\000t\000u\000d\000e\000n\000t\000s\000.\000v\000i\000e\000w\000s\000.\000S\000t\000u\000d\000e\000n\000t\000T\000e\000r\000m\000s\000O\000f\000U\000s\000a\000g\000e\000\040\000C\000l\000a\000s\000s\000\040\000R\000e\000f\000e\000r\000e\000n\000c\000e}{chapter.6}% 500
\BOOKMARK [2][-]{subsection.6.54.1}{\376\377\000M\000e\000m\000b\000e\000r\000\040\000D\000a\000t\000a\000\040\000D\000o\000c\000u\000m\000e\000n\000t\000a\000t\000i\000o\000n}{section.6.54}% 501
\BOOKMARK [3][-]{subsubsection.6.54.1.1}{\376\377\000t\000e\000m\000p\000l\000a\000t\000e\000\137\000n\000a\000m\000e}{subsection.6.54.1}% 502
\BOOKMARK [1][-]{section.6.55}{\376\377\000s\000t\000u\000d\000e\000n\000t\000s\000.\000v\000i\000e\000w\000s\000.\000S\000t\000u\000d\000e\000n\000t\000V\000i\000e\000w\000\040\000C\000l\000a\000s\000s\000\040\000R\000e\000f\000e\000r\000e\000n\000c\000e}{chapter.6}% 503
\BOOKMARK [2][-]{subsection.6.55.1}{\376\377\000M\000e\000m\000b\000e\000r\000\040\000F\000u\000n\000c\000t\000i\000o\000n\000\040\000D\000o\000c\000u\000m\000e\000n\000t\000a\000t\000i\000o\000n}{section.6.55}% 504
\BOOKMARK [3][-]{subsubsection.6.55.1.1}{\376\377\000d\000i\000s\000p\000a\000t\000c\000h}{subsection.6.55.1}% 505
\BOOKMARK [3][-]{subsubsection.6.55.1.2}{\376\377\000g\000e\000t\000\137\000c\000o\000n\000t\000e\000x\000t\000\137\000d\000a\000t\000a}{subsection.6.55.1}% 506
\BOOKMARK [2][-]{subsection.6.55.2}{\376\377\000M\000e\000m\000b\000e\000r\000\040\000D\000a\000t\000a\000\040\000D\000o\000c\000u\000m\000e\000n\000t\000a\000t\000i\000o\000n}{section.6.55}% 507
\BOOKMARK [3][-]{subsubsection.6.55.2.1}{\376\377\000l\000o\000g\000i\000n\000\137\000u\000r\000l}{subsection.6.55.2}% 508
\BOOKMARK [3][-]{subsubsection.6.55.2.2}{\376\377\000m\000o\000d\000e\000l}{subsection.6.55.2}% 509
\BOOKMARK [3][-]{subsubsection.6.55.2.3}{\376\377\000t\000e\000m\000p\000l\000a\000t\000e\000\137\000n\000a\000m\000e}{subsection.6.55.2}% 510
\BOOKMARK [1][-]{section.6.56}{\376\377\000s\000t\000u\000d\000e\000n\000t\000s\000.\000v\000i\000e\000w\000s\000.\000U\000p\000d\000a\000t\000e\000S\000t\000u\000d\000e\000n\000t\000P\000r\000o\000f\000i\000l\000e\000V\000i\000e\000w\000\040\000C\000l\000a\000s\000s\000\040\000R\000e\000f\000e\000r\000e\000n\000c\000e}{chapter.6}% 511
\BOOKMARK [2][-]{subsection.6.56.1}{\376\377\000M\000e\000m\000b\000e\000r\000\040\000F\000u\000n\000c\000t\000i\000o\000n\000\040\000D\000o\000c\000u\000m\000e\000n\000t\000a\000t\000i\000o\000n}{section.6.56}% 512
\BOOKMARK [3][-]{subsubsection.6.56.1.1}{\376\377\000f\000o\000r\000m\000\137\000i\000n\000v\000a\000l\000i\000d}{subsection.6.56.1}% 513
\BOOKMARK [3][-]{subsubsection.6.56.1.2}{\376\377\000f\000o\000r\000m\000\137\000v\000a\000l\000i\000d}{subsection.6.56.1}% 514
\BOOKMARK [2][-]{subsection.6.56.2}{\376\377\000M\000e\000m\000b\000e\000r\000\040\000D\000a\000t\000a\000\040\000D\000o\000c\000u\000m\000e\000n\000t\000a\000t\000i\000o\000n}{section.6.56}% 515
\BOOKMARK [3][-]{subsubsection.6.56.2.1}{\376\377\000f\000o\000r\000m\000\137\000c\000l\000a\000s\000s}{subsection.6.56.2}% 516
\BOOKMARK [3][-]{subsubsection.6.56.2.2}{\376\377\000l\000o\000g\000i\000n\000\137\000u\000r\000l}{subsection.6.56.2}% 517
\BOOKMARK [3][-]{subsubsection.6.56.2.3}{\376\377\000m\000o\000d\000e\000l}{subsection.6.56.2}% 518
\BOOKMARK [3][-]{subsubsection.6.56.2.4}{\376\377\000t\000e\000m\000p\000l\000a\000t\000e\000\137\000n\000a\000m\000e}{subsection.6.56.2}% 519
\BOOKMARK [0][-]{chapter.7}{\376\377\000F\000i\000l\000e\000\040\000D\000o\000c\000u\000m\000e\000n\000t\000a\000t\000i\000o\000n}{}% 520
\BOOKMARK [1][-]{section.7.1}{\376\377\000l\000e\000a\000p\000k\000i\000t\000/\000s\000t\000u\000d\000e\000n\000t\000s\000/\000\137\000\137\000i\000n\000i\000t\000\137\000\137\000.\000p\000y\000\040\000F\000i\000l\000e\000\040\000R\000e\000f\000e\000r\000e\000n\000c\000e}{chapter.7}% 521
\BOOKMARK [1][-]{section.7.2}{\376\377\000l\000e\000a\000p\000k\000i\000t\000/\000s\000t\000u\000d\000e\000n\000t\000s\000/\000m\000i\000g\000r\000a\000t\000i\000o\000n\000s\000/\000\137\000\137\000i\000n\000i\000t\000\137\000\137\000.\000p\000y\000\040\000F\000i\000l\000e\000\040\000R\000e\000f\000e\000r\000e\000n\000c\000e}{chapter.7}% 522
\BOOKMARK [1][-]{section.7.3}{\376\377\000l\000e\000a\000p\000k\000i\000t\000/\000s\000t\000u\000d\000e\000n\000t\000s\000/\000t\000e\000s\000t\000s\000/\000\137\000\137\000i\000n\000i\000t\000\137\000\137\000.\000p\000y\000\040\000F\000i\000l\000e\000\040\000R\000e\000f\000e\000r\000e\000n\000c\000e}{chapter.7}% 523
\BOOKMARK [1][-]{section.7.4}{\376\377\000l\000e\000a\000p\000k\000i\000t\000/\000s\000t\000u\000d\000e\000n\000t\000s\000/\000a\000d\000m\000i\000n\000.\000p\000y\000\040\000F\000i\000l\000e\000\040\000R\000e\000f\000e\000r\000e\000n\000c\000e}{chapter.7}% 524
\BOOKMARK [1][-]{section.7.5}{\376\377\000l\000e\000a\000p\000k\000i\000t\000/\000s\000t\000u\000d\000e\000n\000t\000s\000/\000f\000o\000r\000m\000s\000.\000p\000y\000\040\000F\000i\000l\000e\000\040\000R\000e\000f\000e\000r\000e\000n\000c\000e}{chapter.7}% 525
\BOOKMARK [1][-]{section.7.6}{\376\377\000l\000e\000a\000p\000k\000i\000t\000/\000s\000t\000u\000d\000e\000n\000t\000s\000/\000l\000i\000n\000k\000e\000d\000i\000n\000\137\000c\000o\000n\000n\000e\000c\000t\000o\000r\000.\000p\000y\000\040\000F\000i\000l\000e\000\040\000R\000e\000f\000e\000r\000e\000n\000c\000e}{chapter.7}% 526
\BOOKMARK [1][-]{section.7.7}{\376\377\000l\000e\000a\000p\000k\000i\000t\000/\000s\000t\000u\000d\000e\000n\000t\000s\000/\000l\000i\000n\000k\000e\000d\000i\000n\000\137\000c\000o\000n\000v\000e\000r\000t\000e\000r\000.\000p\000y\000\040\000F\000i\000l\000e\000\040\000R\000e\000f\000e\000r\000e\000n\000c\000e}{chapter.7}% 527
\BOOKMARK [1][-]{section.7.8}{\376\377\000l\000e\000a\000p\000k\000i\000t\000/\000s\000t\000u\000d\000e\000n\000t\000s\000/\000m\000a\000t\000c\000h\000m\000a\000k\000i\000n\000g\000.\000p\000y\000\040\000F\000i\000l\000e\000\040\000R\000e\000f\000e\000r\000e\000n\000c\000e}{chapter.7}% 528
\BOOKMARK [1][-]{section.7.9}{\376\377\000l\000e\000a\000p\000k\000i\000t\000/\000s\000t\000u\000d\000e\000n\000t\000s\000/\000m\000i\000g\000r\000a\000t\000i\000o\000n\000s\000/\0000\0000\0000\0001\000\137\000i\000n\000i\000t\000i\000a\000l\000.\000p\000y\000\040\000F\000i\000l\000e\000\040\000R\000e\000f\000e\000r\000e\000n\000c\000e}{chapter.7}% 529
\BOOKMARK [1][-]{section.7.10}{\376\377\000l\000e\000a\000p\000k\000i\000t\000/\000s\000t\000u\000d\000e\000n\000t\000s\000/\000m\000i\000g\000r\000a\000t\000i\000o\000n\000s\000/\0000\0000\0000\0002\000\137\000a\000u\000t\000o\000\137\000\137\000a\000d\000d\000\137\000f\000i\000e\000l\000d\000\137\000s\000t\000u\000d\000e\000n\000t\000\137\000c\000v\000.\000p\000y\000\040\000F\000i\000l\000e\000\040\000R\000e\000f\000e\000r\000e\000n\000c\000e}{chapter.7}% 530
\BOOKMARK [1][-]{section.7.11}{\376\377\000l\000e\000a\000p\000k\000i\000t\000/\000s\000t\000u\000d\000e\000n\000t\000s\000/\000m\000i\000g\000r\000a\000t\000i\000o\000n\000s\000/\0000\0000\0000\0003\000\137\000a\000u\000t\000o\000\137\000\137\000a\000d\000d\000\137\000f\000i\000e\000l\000d\000\137\000s\000t\000u\000d\000e\000n\000t\000\137\000l\000i\000n\000e\000\137\000o\000f\000\137\000s\000t\000u\000d\000y\000.\000p\000y\000\040\000F\000i\000l\000e\000\040\000R\000e\000f\000e\000r\000e\000n\000c\000e}{chapter.7}% 531
\BOOKMARK [1][-]{section.7.12}{\376\377\000l\000e\000a\000p\000k\000i\000t\000/\000s\000t\000u\000d\000e\000n\000t\000s\000/\000m\000i\000g\000r\000a\000t\000i\000o\000n\000s\000/\0000\0000\0000\0004\000\137\000a\000u\000t\000o\000\137\000\137\000a\000d\000d\000\137\000f\000i\000e\000l\000d\000\137\000s\000t\000u\000d\000e\000n\000t\000\137\000e\000d\000u\000c\000a\000t\000i\000o\000n\000\137\000l\000e\000v\000e\000l\000.\000p\000y\000\040\000F\000i\000l\000e\000\040\000R\000e\000f\000e\000r\000e\000n\000c\000e}{chapter.7}% 532
\BOOKMARK [1][-]{section.7.13}{\376\377\000l\000e\000a\000p\000k\000i\000t\000/\000s\000t\000u\000d\000e\000n\000t\000s\000/\000m\000i\000g\000r\000a\000t\000i\000o\000n\000s\000/\0000\0000\0000\0005\000\137\000a\000u\000t\000o\000\137\000\137\000a\000d\000d\000\137\000f\000i\000e\000l\000d\000\137\000s\000t\000u\000d\000e\000n\000t\000\137\000t\000i\000m\000e\000s\000\137\000l\000o\000g\000g\000e\000d\000\137\000i\000n\000.\000p\000y\000\040\000F\000i\000l\000e\000\040\000R\000e\000f\000e\000r\000e\000n\000c\000e}{chapter.7}% 533
\BOOKMARK [1][-]{section.7.14}{\376\377\000l\000e\000a\000p\000k\000i\000t\000/\000s\000t\000u\000d\000e\000n\000t\000s\000/\000m\000o\000d\000e\000l\000s\000.\000p\000y\000\040\000F\000i\000l\000e\000\040\000R\000e\000f\000e\000r\000e\000n\000c\000e}{chapter.7}% 534
\BOOKMARK [1][-]{section.7.15}{\376\377\000l\000e\000a\000p\000k\000i\000t\000/\000s\000t\000u\000d\000e\000n\000t\000s\000/\000s\000t\000a\000t\000i\000c\000/\000s\000t\000u\000d\000e\000n\000t\000s\000/\000j\000s\000/\000i\000n\000t\000r\000o\000\137\000t\000o\000u\000r\000.\000j\000s\000\040\000F\000i\000l\000e\000\040\000R\000e\000f\000e\000r\000e\000n\000c\000e}{chapter.7}% 535
\BOOKMARK [2][-]{subsection.7.15.1}{\376\377\000F\000u\000n\000c\000t\000i\000o\000n\000\040\000D\000o\000c\000u\000m\000e\000n\000t\000a\000t\000i\000o\000n}{section.7.15}% 536
\BOOKMARK [3][-]{subsubsection.7.15.1.1}{\376\377\000r\000e\000a\000d\000y}{subsection.7.15.1}% 537
\BOOKMARK [1][-]{section.7.16}{\376\377\000l\000e\000a\000p\000k\000i\000t\000/\000s\000t\000u\000d\000e\000n\000t\000s\000/\000t\000a\000s\000k\000s\000.\000p\000y\000\040\000F\000i\000l\000e\000\040\000R\000e\000f\000e\000r\000e\000n\000c\000e}{chapter.7}% 538
\BOOKMARK [1][-]{section.7.17}{\376\377\000l\000e\000a\000p\000k\000i\000t\000/\000s\000t\000u\000d\000e\000n\000t\000s\000/\000t\000e\000s\000t\000s\000/\000t\000e\000s\000t\000\137\000f\000o\000r\000m\000s\000.\000p\000y\000\040\000F\000i\000l\000e\000\040\000R\000e\000f\000e\000r\000e\000n\000c\000e}{chapter.7}% 539
\BOOKMARK [1][-]{section.7.18}{\376\377\000l\000e\000a\000p\000k\000i\000t\000/\000s\000t\000u\000d\000e\000n\000t\000s\000/\000t\000e\000s\000t\000s\000/\000t\000e\000s\000t\000\137\000m\000o\000d\000e\000l\000s\000.\000p\000y\000\040\000F\000i\000l\000e\000\040\000R\000e\000f\000e\000r\000e\000n\000c\000e}{chapter.7}% 540
\BOOKMARK [1][-]{section.7.19}{\376\377\000l\000e\000a\000p\000k\000i\000t\000/\000s\000t\000u\000d\000e\000n\000t\000s\000/\000t\000e\000s\000t\000s\000/\000t\000e\000s\000t\000\137\000v\000i\000e\000w\000s\000.\000p\000y\000\040\000F\000i\000l\000e\000\040\000R\000e\000f\000e\000r\000e\000n\000c\000e}{chapter.7}% 541
\BOOKMARK [1][-]{section.7.20}{\376\377\000l\000e\000a\000p\000k\000i\000t\000/\000s\000t\000u\000d\000e\000n\000t\000s\000/\000u\000r\000l\000s\000.\000p\000y\000\040\000F\000i\000l\000e\000\040\000R\000e\000f\000e\000r\000e\000n\000c\000e}{chapter.7}% 542
\BOOKMARK [1][-]{section.7.21}{\376\377\000l\000e\000a\000p\000k\000i\000t\000/\000s\000t\000u\000d\000e\000n\000t\000s\000/\000v\000i\000e\000w\000s\000.\000p\000y\000\040\000F\000i\000l\000e\000\040\000R\000e\000f\000e\000r\000e\000n\000c\000e}{chapter.7}% 543
\BOOKMARK [0][-]{section*.165}{\376\377\000I\000n\000d\000e\000x}{}% 544
